

================================================================
== Vivado HLS Report for 'myproject'
================================================================
* Date:           Sun Oct 23 21:51:02 2022

* Version:        2019.1 (Build 2552052 on Fri May 24 15:28:33 MDT 2019)
* Project:        myproject_prj
* Solution:       solution1
* Product family: zynq
* Target device:  xc7z045-ffg900-2


================================================================
== Performance Estimates
================================================================
+ Timing (ns): 
    * Summary: 
    +--------+-------+----------+------------+
    |  Clock | Target| Estimated| Uncertainty|
    +--------+-------+----------+------------+
    |ap_clk  |   5.00|     4.326|        0.62|
    +--------+-------+----------+------------+

+ Latency (clock cycles): 
    * Summary: 
    +-----+-----+-----+-----+----------+
    |  Latency  |  Interval | Pipeline |
    | min | max | min | max |   Type   |
    +-----+-----+-----+-----+----------+
    |   16|   16|    1|    1| function |
    +-----+-----+-----+-----+----------+

    + Detail: 
        * Instance: 
        +------------------------------------------------------------------+--------------------------------------------------+-----+-----+-----+-----+----------+
        |                                                                  |                                                  |  Latency  |  Interval | Pipeline |
        |                             Instance                             |                      Module                      | min | max | min | max |   Type   |
        +------------------------------------------------------------------+--------------------------------------------------+-----+-----+-----+-----+----------+
        |grp_dense_latency_0_0_0_0_0_0_0_0_0_0_0_1_fu_30                   |dense_latency_0_0_0_0_0_0_0_0_0_0_0_1             |    8|    8|    1|    1| function |
        |grp_dense_latency_0_0_0_0_0_0_0_0_0_0_0_fu_36                     |dense_latency_0_0_0_0_0_0_0_0_0_0_0               |    4|    4|    1|    1| function |
        |call_ret1_relu_ap_fixed_ap_fixed_16_8_5_3_0_ReLU_config3_s_fu_50  |relu_ap_fixed_ap_fixed_16_8_5_3_0_ReLU_config3_s  |    0|    0|    1|    1| function |
        +------------------------------------------------------------------+--------------------------------------------------+-----+-----+-----+-----+----------+

        * Loop: 
        N/A

============================================================
+ Verbose Summary: Synthesis Manager
============================================================
InlineROM: 1
ExposeGlobal: 0
============================================================
+ Verbose Summary: CDFG Model
============================================================
IsTopModel: 0
ResetActiveHigh: 1
IsCombinational: 0
IsDatapathOnly: 0
HasWiredReturn: 1
HasMFsm: 2
HasVarLatency: 0
IsPipeline: 1
IsRtlPipelined: 1
IsInstanceOverlapped: 0
IsDontTouch: 0
HasImplIP: 0
IsGatedGlobalClock: 0

+ Individual pipeline summary: 
  * Pipeline-0: initiation interval (II) = 1, depth = 17


============================================================
+ Verbose Summary: Schedule
============================================================
* Number of FSM states : 17
* Pipeline : 1
  Pipeline-0 : II = 1, D = 17, States = { 1 2 3 4 5 6 7 8 9 10 11 12 13 14 15 16 17 }
* Dataflow Pipeline: 0

* FSM state transitions: 
1 --> 2 
2 --> 3 
3 --> 4 
4 --> 5 
5 --> 6 
6 --> 7 
7 --> 8 
8 --> 9 
9 --> 10 
10 --> 11 
11 --> 12 
12 --> 13 
13 --> 14 
14 --> 15 
15 --> 16 
16 --> 17 
17 --> 

* FSM state operations: 

State 1 <SV = 0> <Delay = 4.32>
ST_1 : Operation 18 [1/1] (0.00ns)   --->   "%input1_V_read = call i5184 @_ssdm_op_Read.ap_vld.i5184P(i5184* %input1_V)"   --->   Operation 18 'read' 'input1_V_read' <Predicate = true> <Delay = 0.00>
ST_1 : Operation 19 [10/10] (4.32ns)   --->   "%call_ret = call fastcc { i16, i16, i16, i16, i16, i16, i16, i16, i16, i16 } @dense_latency.0.0.0.0.0.0.0.0.0.0.0.1(i5184 %input1_V_read)"   --->   Operation 19 'call' 'call_ret' <Predicate = true> <Delay = 4.32> <CoreType = "Generic">   --->   Core 0 '' <Latency = 0> <II = 1> <Delay = 1.00> <Generic> <Opcode : >

State 2 <SV = 1> <Delay = 4.32>
ST_2 : Operation 20 [9/10] (4.32ns)   --->   "%call_ret = call fastcc { i16, i16, i16, i16, i16, i16, i16, i16, i16, i16 } @dense_latency.0.0.0.0.0.0.0.0.0.0.0.1(i5184 %input1_V_read)"   --->   Operation 20 'call' 'call_ret' <Predicate = true> <Delay = 4.32> <CoreType = "Generic">   --->   Core 0 '' <Latency = 0> <II = 1> <Delay = 1.00> <Generic> <Opcode : >

State 3 <SV = 2> <Delay = 4.32>
ST_3 : Operation 21 [8/10] (4.32ns)   --->   "%call_ret = call fastcc { i16, i16, i16, i16, i16, i16, i16, i16, i16, i16 } @dense_latency.0.0.0.0.0.0.0.0.0.0.0.1(i5184 %input1_V_read)"   --->   Operation 21 'call' 'call_ret' <Predicate = true> <Delay = 4.32> <CoreType = "Generic">   --->   Core 0 '' <Latency = 0> <II = 1> <Delay = 1.00> <Generic> <Opcode : >

State 4 <SV = 3> <Delay = 4.32>
ST_4 : Operation 22 [7/10] (4.32ns)   --->   "%call_ret = call fastcc { i16, i16, i16, i16, i16, i16, i16, i16, i16, i16 } @dense_latency.0.0.0.0.0.0.0.0.0.0.0.1(i5184 %input1_V_read)"   --->   Operation 22 'call' 'call_ret' <Predicate = true> <Delay = 4.32> <CoreType = "Generic">   --->   Core 0 '' <Latency = 0> <II = 1> <Delay = 1.00> <Generic> <Opcode : >

State 5 <SV = 4> <Delay = 4.32>
ST_5 : Operation 23 [6/10] (4.32ns)   --->   "%call_ret = call fastcc { i16, i16, i16, i16, i16, i16, i16, i16, i16, i16 } @dense_latency.0.0.0.0.0.0.0.0.0.0.0.1(i5184 %input1_V_read)"   --->   Operation 23 'call' 'call_ret' <Predicate = true> <Delay = 4.32> <CoreType = "Generic">   --->   Core 0 '' <Latency = 0> <II = 1> <Delay = 1.00> <Generic> <Opcode : >

State 6 <SV = 5> <Delay = 4.32>
ST_6 : Operation 24 [5/10] (4.32ns)   --->   "%call_ret = call fastcc { i16, i16, i16, i16, i16, i16, i16, i16, i16, i16 } @dense_latency.0.0.0.0.0.0.0.0.0.0.0.1(i5184 %input1_V_read)"   --->   Operation 24 'call' 'call_ret' <Predicate = true> <Delay = 4.32> <CoreType = "Generic">   --->   Core 0 '' <Latency = 0> <II = 1> <Delay = 1.00> <Generic> <Opcode : >

State 7 <SV = 6> <Delay = 4.32>
ST_7 : Operation 25 [4/10] (4.32ns)   --->   "%call_ret = call fastcc { i16, i16, i16, i16, i16, i16, i16, i16, i16, i16 } @dense_latency.0.0.0.0.0.0.0.0.0.0.0.1(i5184 %input1_V_read)"   --->   Operation 25 'call' 'call_ret' <Predicate = true> <Delay = 4.32> <CoreType = "Generic">   --->   Core 0 '' <Latency = 0> <II = 1> <Delay = 1.00> <Generic> <Opcode : >

State 8 <SV = 7> <Delay = 4.32>
ST_8 : Operation 26 [3/10] (4.32ns)   --->   "%call_ret = call fastcc { i16, i16, i16, i16, i16, i16, i16, i16, i16, i16 } @dense_latency.0.0.0.0.0.0.0.0.0.0.0.1(i5184 %input1_V_read)"   --->   Operation 26 'call' 'call_ret' <Predicate = true> <Delay = 4.32> <CoreType = "Generic">   --->   Core 0 '' <Latency = 0> <II = 1> <Delay = 1.00> <Generic> <Opcode : >

State 9 <SV = 8> <Delay = 4.32>
ST_9 : Operation 27 [2/10] (4.32ns)   --->   "%call_ret = call fastcc { i16, i16, i16, i16, i16, i16, i16, i16, i16, i16 } @dense_latency.0.0.0.0.0.0.0.0.0.0.0.1(i5184 %input1_V_read)"   --->   Operation 27 'call' 'call_ret' <Predicate = true> <Delay = 4.32> <CoreType = "Generic">   --->   Core 0 '' <Latency = 0> <II = 1> <Delay = 1.00> <Generic> <Opcode : >

State 10 <SV = 9> <Delay = 3.18>
ST_10 : Operation 28 [1/10] (3.18ns)   --->   "%call_ret = call fastcc { i16, i16, i16, i16, i16, i16, i16, i16, i16, i16 } @dense_latency.0.0.0.0.0.0.0.0.0.0.0.1(i5184 %input1_V_read)"   --->   Operation 28 'call' 'call_ret' <Predicate = true> <Delay = 3.18> <CoreType = "Generic">   --->   Core 0 '' <Latency = 0> <II = 1> <Delay = 1.00> <Generic> <Opcode : >
ST_10 : Operation 29 [1/1] (0.00ns)   --->   "%layer2_out_0_V = extractvalue { i16, i16, i16, i16, i16, i16, i16, i16, i16, i16 } %call_ret, 0"   --->   Operation 29 'extractvalue' 'layer2_out_0_V' <Predicate = true> <Delay = 0.00>
ST_10 : Operation 30 [1/1] (0.00ns)   --->   "%layer2_out_1_V = extractvalue { i16, i16, i16, i16, i16, i16, i16, i16, i16, i16 } %call_ret, 1"   --->   Operation 30 'extractvalue' 'layer2_out_1_V' <Predicate = true> <Delay = 0.00>
ST_10 : Operation 31 [1/1] (0.00ns)   --->   "%layer2_out_2_V = extractvalue { i16, i16, i16, i16, i16, i16, i16, i16, i16, i16 } %call_ret, 2"   --->   Operation 31 'extractvalue' 'layer2_out_2_V' <Predicate = true> <Delay = 0.00>
ST_10 : Operation 32 [1/1] (0.00ns)   --->   "%layer2_out_3_V = extractvalue { i16, i16, i16, i16, i16, i16, i16, i16, i16, i16 } %call_ret, 3"   --->   Operation 32 'extractvalue' 'layer2_out_3_V' <Predicate = true> <Delay = 0.00>
ST_10 : Operation 33 [1/1] (0.00ns)   --->   "%layer2_out_4_V = extractvalue { i16, i16, i16, i16, i16, i16, i16, i16, i16, i16 } %call_ret, 4"   --->   Operation 33 'extractvalue' 'layer2_out_4_V' <Predicate = true> <Delay = 0.00>
ST_10 : Operation 34 [1/1] (0.00ns)   --->   "%layer2_out_5_V = extractvalue { i16, i16, i16, i16, i16, i16, i16, i16, i16, i16 } %call_ret, 5"   --->   Operation 34 'extractvalue' 'layer2_out_5_V' <Predicate = true> <Delay = 0.00>
ST_10 : Operation 35 [1/1] (0.00ns)   --->   "%layer2_out_6_V = extractvalue { i16, i16, i16, i16, i16, i16, i16, i16, i16, i16 } %call_ret, 6"   --->   Operation 35 'extractvalue' 'layer2_out_6_V' <Predicate = true> <Delay = 0.00>
ST_10 : Operation 36 [1/1] (0.00ns)   --->   "%layer2_out_7_V = extractvalue { i16, i16, i16, i16, i16, i16, i16, i16, i16, i16 } %call_ret, 7"   --->   Operation 36 'extractvalue' 'layer2_out_7_V' <Predicate = true> <Delay = 0.00>
ST_10 : Operation 37 [1/1] (0.00ns)   --->   "%layer2_out_8_V = extractvalue { i16, i16, i16, i16, i16, i16, i16, i16, i16, i16 } %call_ret, 8"   --->   Operation 37 'extractvalue' 'layer2_out_8_V' <Predicate = true> <Delay = 0.00>
ST_10 : Operation 38 [1/1] (0.00ns)   --->   "%layer2_out_9_V = extractvalue { i16, i16, i16, i16, i16, i16, i16, i16, i16, i16 } %call_ret, 9"   --->   Operation 38 'extractvalue' 'layer2_out_9_V' <Predicate = true> <Delay = 0.00>

State 11 <SV = 10> <Delay = 2.74>
ST_11 : Operation 39 [1/1] (2.74ns)   --->   "%call_ret1 = call fastcc { i16, i16, i16, i16, i16, i16, i16, i16, i16, i16 } @"relu<ap_fixed,ap_fixed<16,8,5,3,0>,ReLU_config3>"(i16 %layer2_out_0_V, i16 %layer2_out_1_V, i16 %layer2_out_2_V, i16 %layer2_out_3_V, i16 %layer2_out_4_V, i16 %layer2_out_5_V, i16 %layer2_out_6_V, i16 %layer2_out_7_V, i16 %layer2_out_8_V, i16 %layer2_out_9_V)" [firmware/myproject.cpp:64]   --->   Operation 39 'call' 'call_ret1' <Predicate = true> <Delay = 2.74> <CoreType = "Generic">   --->   Core 0 '' <Latency = 0> <II = 1> <Delay = 1.00> <Generic> <Opcode : >
ST_11 : Operation 40 [1/1] (0.00ns)   --->   "%layer3_out_0_V = extractvalue { i16, i16, i16, i16, i16, i16, i16, i16, i16, i16 } %call_ret1, 0" [firmware/myproject.cpp:64]   --->   Operation 40 'extractvalue' 'layer3_out_0_V' <Predicate = true> <Delay = 0.00>
ST_11 : Operation 41 [1/1] (0.00ns)   --->   "%layer3_out_1_V = extractvalue { i16, i16, i16, i16, i16, i16, i16, i16, i16, i16 } %call_ret1, 1" [firmware/myproject.cpp:64]   --->   Operation 41 'extractvalue' 'layer3_out_1_V' <Predicate = true> <Delay = 0.00>
ST_11 : Operation 42 [1/1] (0.00ns)   --->   "%layer3_out_2_V = extractvalue { i16, i16, i16, i16, i16, i16, i16, i16, i16, i16 } %call_ret1, 2" [firmware/myproject.cpp:64]   --->   Operation 42 'extractvalue' 'layer3_out_2_V' <Predicate = true> <Delay = 0.00>
ST_11 : Operation 43 [1/1] (0.00ns)   --->   "%layer3_out_3_V = extractvalue { i16, i16, i16, i16, i16, i16, i16, i16, i16, i16 } %call_ret1, 3" [firmware/myproject.cpp:64]   --->   Operation 43 'extractvalue' 'layer3_out_3_V' <Predicate = true> <Delay = 0.00>
ST_11 : Operation 44 [1/1] (0.00ns)   --->   "%layer3_out_4_V = extractvalue { i16, i16, i16, i16, i16, i16, i16, i16, i16, i16 } %call_ret1, 4" [firmware/myproject.cpp:64]   --->   Operation 44 'extractvalue' 'layer3_out_4_V' <Predicate = true> <Delay = 0.00>
ST_11 : Operation 45 [1/1] (0.00ns)   --->   "%layer3_out_5_V = extractvalue { i16, i16, i16, i16, i16, i16, i16, i16, i16, i16 } %call_ret1, 5" [firmware/myproject.cpp:64]   --->   Operation 45 'extractvalue' 'layer3_out_5_V' <Predicate = true> <Delay = 0.00>
ST_11 : Operation 46 [1/1] (0.00ns)   --->   "%layer3_out_6_V = extractvalue { i16, i16, i16, i16, i16, i16, i16, i16, i16, i16 } %call_ret1, 6" [firmware/myproject.cpp:64]   --->   Operation 46 'extractvalue' 'layer3_out_6_V' <Predicate = true> <Delay = 0.00>
ST_11 : Operation 47 [1/1] (0.00ns)   --->   "%layer3_out_7_V = extractvalue { i16, i16, i16, i16, i16, i16, i16, i16, i16, i16 } %call_ret1, 7" [firmware/myproject.cpp:64]   --->   Operation 47 'extractvalue' 'layer3_out_7_V' <Predicate = true> <Delay = 0.00>
ST_11 : Operation 48 [1/1] (0.00ns)   --->   "%layer3_out_8_V = extractvalue { i16, i16, i16, i16, i16, i16, i16, i16, i16, i16 } %call_ret1, 8" [firmware/myproject.cpp:64]   --->   Operation 48 'extractvalue' 'layer3_out_8_V' <Predicate = true> <Delay = 0.00>
ST_11 : Operation 49 [1/1] (0.00ns)   --->   "%layer3_out_9_V = extractvalue { i16, i16, i16, i16, i16, i16, i16, i16, i16, i16 } %call_ret1, 9" [firmware/myproject.cpp:64]   --->   Operation 49 'extractvalue' 'layer3_out_9_V' <Predicate = true> <Delay = 0.00>

State 12 <SV = 11> <Delay = 2.78>
ST_12 : Operation 50 [6/6] (2.78ns)   --->   "%call_ret2 = call fastcc { i16, i16, i16, i16, i16, i16, i16, i16, i16, i16 } @dense_latency.0.0.0.0.0.0.0.0.0.0.0(i16 %layer3_out_0_V, i16 %layer3_out_1_V, i16 %layer3_out_2_V, i16 %layer3_out_3_V, i16 %layer3_out_4_V, i16 %layer3_out_5_V, i16 %layer3_out_6_V, i16 %layer3_out_7_V, i16 %layer3_out_8_V, i16 %layer3_out_9_V)" [firmware/nnet_utils/nnet_dense.h:46->firmware/myproject.cpp:66]   --->   Operation 50 'call' 'call_ret2' <Predicate = true> <Delay = 2.78> <CoreType = "Generic">   --->   Core 0 '' <Latency = 0> <II = 1> <Delay = 1.00> <Generic> <Opcode : >

State 13 <SV = 12> <Delay = 4.32>
ST_13 : Operation 51 [5/6] (4.32ns)   --->   "%call_ret2 = call fastcc { i16, i16, i16, i16, i16, i16, i16, i16, i16, i16 } @dense_latency.0.0.0.0.0.0.0.0.0.0.0(i16 %layer3_out_0_V, i16 %layer3_out_1_V, i16 %layer3_out_2_V, i16 %layer3_out_3_V, i16 %layer3_out_4_V, i16 %layer3_out_5_V, i16 %layer3_out_6_V, i16 %layer3_out_7_V, i16 %layer3_out_8_V, i16 %layer3_out_9_V)" [firmware/nnet_utils/nnet_dense.h:46->firmware/myproject.cpp:66]   --->   Operation 51 'call' 'call_ret2' <Predicate = true> <Delay = 4.32> <CoreType = "Generic">   --->   Core 0 '' <Latency = 0> <II = 1> <Delay = 1.00> <Generic> <Opcode : >

State 14 <SV = 13> <Delay = 4.32>
ST_14 : Operation 52 [4/6] (4.32ns)   --->   "%call_ret2 = call fastcc { i16, i16, i16, i16, i16, i16, i16, i16, i16, i16 } @dense_latency.0.0.0.0.0.0.0.0.0.0.0(i16 %layer3_out_0_V, i16 %layer3_out_1_V, i16 %layer3_out_2_V, i16 %layer3_out_3_V, i16 %layer3_out_4_V, i16 %layer3_out_5_V, i16 %layer3_out_6_V, i16 %layer3_out_7_V, i16 %layer3_out_8_V, i16 %layer3_out_9_V)" [firmware/nnet_utils/nnet_dense.h:46->firmware/myproject.cpp:66]   --->   Operation 52 'call' 'call_ret2' <Predicate = true> <Delay = 4.32> <CoreType = "Generic">   --->   Core 0 '' <Latency = 0> <II = 1> <Delay = 1.00> <Generic> <Opcode : >

State 15 <SV = 14> <Delay = 4.32>
ST_15 : Operation 53 [3/6] (4.32ns)   --->   "%call_ret2 = call fastcc { i16, i16, i16, i16, i16, i16, i16, i16, i16, i16 } @dense_latency.0.0.0.0.0.0.0.0.0.0.0(i16 %layer3_out_0_V, i16 %layer3_out_1_V, i16 %layer3_out_2_V, i16 %layer3_out_3_V, i16 %layer3_out_4_V, i16 %layer3_out_5_V, i16 %layer3_out_6_V, i16 %layer3_out_7_V, i16 %layer3_out_8_V, i16 %layer3_out_9_V)" [firmware/nnet_utils/nnet_dense.h:46->firmware/myproject.cpp:66]   --->   Operation 53 'call' 'call_ret2' <Predicate = true> <Delay = 4.32> <CoreType = "Generic">   --->   Core 0 '' <Latency = 0> <II = 1> <Delay = 1.00> <Generic> <Opcode : >

State 16 <SV = 15> <Delay = 4.32>
ST_16 : Operation 54 [2/6] (4.32ns)   --->   "%call_ret2 = call fastcc { i16, i16, i16, i16, i16, i16, i16, i16, i16, i16 } @dense_latency.0.0.0.0.0.0.0.0.0.0.0(i16 %layer3_out_0_V, i16 %layer3_out_1_V, i16 %layer3_out_2_V, i16 %layer3_out_3_V, i16 %layer3_out_4_V, i16 %layer3_out_5_V, i16 %layer3_out_6_V, i16 %layer3_out_7_V, i16 %layer3_out_8_V, i16 %layer3_out_9_V)" [firmware/nnet_utils/nnet_dense.h:46->firmware/myproject.cpp:66]   --->   Operation 54 'call' 'call_ret2' <Predicate = true> <Delay = 4.32> <CoreType = "Generic">   --->   Core 0 '' <Latency = 0> <II = 1> <Delay = 1.00> <Generic> <Opcode : >

State 17 <SV = 16> <Delay = 3.18>
ST_17 : Operation 55 [1/1] (0.00ns)   --->   "call void (...)* @_ssdm_op_SpecInterface(i5184* %input1_V, [7 x i8]* @p_str6, i32 0, i32 0, [1 x i8]* @p_str5, i32 0, i32 0, [1 x i8]* @p_str5, [1 x i8]* @p_str5, [1 x i8]* @p_str5, i32 0, i32 0, i32 0, i32 0, [1 x i8]* @p_str5, [1 x i8]* @p_str5) nounwind"   --->   Operation 55 'specinterface' <Predicate = true> <Delay = 0.00>
ST_17 : Operation 56 [1/1] (0.00ns)   --->   "call void (...)* @_ssdm_op_SpecInterface(i32 0, [7 x i8]* @p_str6, i32 0, i32 0, [1 x i8]* @p_str5, i32 0, i32 0, [1 x i8]* @p_str5, [1 x i8]* @p_str5, [1 x i8]* @p_str5, i32 0, i32 0, i32 0, i32 0, [1 x i8]* @p_str5, [1 x i8]* @p_str5)"   --->   Operation 56 'specinterface' <Predicate = true> <Delay = 0.00>
ST_17 : Operation 57 [1/1] (0.00ns)   --->   "call void (...)* @_ssdm_op_SpecPipeline(i32 -1, i32 1, i32 1, i32 0, [1 x i8]* @p_str5) nounwind" [firmware/myproject.cpp:35]   --->   Operation 57 'specpipeline' <Predicate = true> <Delay = 0.00>
ST_17 : Operation 58 [1/6] (3.18ns)   --->   "%call_ret2 = call fastcc { i16, i16, i16, i16, i16, i16, i16, i16, i16, i16 } @dense_latency.0.0.0.0.0.0.0.0.0.0.0(i16 %layer3_out_0_V, i16 %layer3_out_1_V, i16 %layer3_out_2_V, i16 %layer3_out_3_V, i16 %layer3_out_4_V, i16 %layer3_out_5_V, i16 %layer3_out_6_V, i16 %layer3_out_7_V, i16 %layer3_out_8_V, i16 %layer3_out_9_V)" [firmware/nnet_utils/nnet_dense.h:46->firmware/myproject.cpp:66]   --->   Operation 58 'call' 'call_ret2' <Predicate = true> <Delay = 3.18> <CoreType = "Generic">   --->   Core 0 '' <Latency = 0> <II = 1> <Delay = 1.00> <Generic> <Opcode : >
ST_17 : Operation 59 [1/1] (0.00ns)   --->   "ret { i16, i16, i16, i16, i16, i16, i16, i16, i16, i16 } %call_ret2" [firmware/nnet_utils/nnet_dense.h:46->firmware/myproject.cpp:66]   --->   Operation 59 'ret' <Predicate = true> <Delay = 0.00>


============================================================
+ Verbose Summary: Binding
============================================================
STG Binding: 
---------------- STG Properties BEGIN ----------------
- Is combinational: 0
- Is one-state seq: 0
- Is datapath-only: 0
- Is pipelined: 1
- Is top level: 0
Port [ Return ] is wired: 1; IO mode=ap_ctrl_hs:ce=0
Port [ input1_V]:  wired=1; compound=0; hidden=0; nouse=0; global=0; static=0; extern=0; dir=0; type=0; pingpong=0; private_global=0; IO mode=ap_vld:ce=0
---------------- STG Properties END ------------------

---------------- Datapath Model BEGIN ----------------

<LifeTime>
<method=bitvector/>
input1_V_read     (read         ) [ 011111111110000000]
call_ret          (call         ) [ 000000000000000000]
layer2_out_0_V    (extractvalue ) [ 010000000001000000]
layer2_out_1_V    (extractvalue ) [ 010000000001000000]
layer2_out_2_V    (extractvalue ) [ 010000000001000000]
layer2_out_3_V    (extractvalue ) [ 010000000001000000]
layer2_out_4_V    (extractvalue ) [ 010000000001000000]
layer2_out_5_V    (extractvalue ) [ 010000000001000000]
layer2_out_6_V    (extractvalue ) [ 010000000001000000]
layer2_out_7_V    (extractvalue ) [ 010000000001000000]
layer2_out_8_V    (extractvalue ) [ 010000000001000000]
layer2_out_9_V    (extractvalue ) [ 010000000001000000]
call_ret1         (call         ) [ 000000000000000000]
layer3_out_0_V    (extractvalue ) [ 010000000000111111]
layer3_out_1_V    (extractvalue ) [ 010000000000111111]
layer3_out_2_V    (extractvalue ) [ 010000000000111111]
layer3_out_3_V    (extractvalue ) [ 010000000000111111]
layer3_out_4_V    (extractvalue ) [ 010000000000111111]
layer3_out_5_V    (extractvalue ) [ 010000000000111111]
layer3_out_6_V    (extractvalue ) [ 010000000000111111]
layer3_out_7_V    (extractvalue ) [ 010000000000111111]
layer3_out_8_V    (extractvalue ) [ 010000000000111111]
layer3_out_9_V    (extractvalue ) [ 010000000000111111]
specinterface_ln0 (specinterface) [ 000000000000000000]
specinterface_ln0 (specinterface) [ 000000000000000000]
specpipeline_ln35 (specpipeline ) [ 000000000000000000]
call_ret2         (call         ) [ 000000000000000000]
ret_ln46          (ret          ) [ 000000000000000000]
</LifeTime>

<model>

<comp_list>
<comp id="0" class="1000" name="input1_V">
<pin_list>
<pin id="1" dir="1" index="0" bw="1" slack="0"/>
</pin_list>
<bind>
<StgValue><ssdm name="input1_V"/></StgValue>
</bind>
</comp>

<comp id="2" class="1001" name="const_2">
<pin_list>
<pin id="3" dir="1" index="0" bw="1" slack="0"/>
</pin_list>
<bind>
<StgValue><ssdm name="_ssdm_op_Read.ap_vld.i5184P"/></StgValue>
</bind>
</comp>

<comp id="4" class="1001" name="const_4">
<pin_list>
<pin id="5" dir="1" index="0" bw="1" slack="0"/>
</pin_list>
<bind>
<StgValue><ssdm name="dense_latency.0.0.0.0.0.0.0.0.0.0.0.1"/></StgValue>
</bind>
</comp>

<comp id="6" class="1001" name="const_6">
<pin_list>
<pin id="7" dir="1" index="0" bw="1" slack="0"/>
</pin_list>
<bind>
<StgValue><ssdm name="relu<ap_fixed,ap_fixed<16,8,5,3,0>,ReLU_config3>"/></StgValue>
</bind>
</comp>

<comp id="8" class="1001" name="const_8">
<pin_list>
<pin id="9" dir="1" index="0" bw="1" slack="0"/>
</pin_list>
<bind>
<StgValue><ssdm name="dense_latency.0.0.0.0.0.0.0.0.0.0.0"/></StgValue>
</bind>
</comp>

<comp id="10" class="1001" name="const_10">
<pin_list>
<pin id="11" dir="1" index="0" bw="1" slack="2147483647"/>
</pin_list>
<bind>
<StgValue><ssdm name="_ssdm_op_SpecInterface"/></StgValue>
</bind>
</comp>

<comp id="12" class="1001" name="const_12">
<pin_list>
<pin id="13" dir="1" index="0" bw="1" slack="2147483647"/>
</pin_list>
<bind>
<StgValue><ssdm name="p_str6"/></StgValue>
</bind>
</comp>

<comp id="14" class="1001" name="const_14">
<pin_list>
<pin id="15" dir="1" index="0" bw="1" slack="2147483647"/>
</pin_list>
<bind>
<StgValue><ssdm name=""/></StgValue>
</bind>
</comp>

<comp id="16" class="1001" name="const_16">
<pin_list>
<pin id="17" dir="1" index="0" bw="1" slack="2147483647"/>
</pin_list>
<bind>
<StgValue><ssdm name="p_str5"/></StgValue>
</bind>
</comp>

<comp id="18" class="1001" name="const_18">
<pin_list>
<pin id="19" dir="1" index="0" bw="1" slack="2147483647"/>
</pin_list>
<bind>
<StgValue><ssdm name="_ssdm_op_SpecPipeline"/></StgValue>
</bind>
</comp>

<comp id="20" class="1001" name="const_20">
<pin_list>
<pin id="21" dir="1" index="0" bw="1" slack="2147483647"/>
</pin_list>
<bind>
<StgValue><ssdm name=""/></StgValue>
</bind>
</comp>

<comp id="22" class="1001" name="const_22">
<pin_list>
<pin id="23" dir="1" index="0" bw="1" slack="2147483647"/>
</pin_list>
<bind>
<StgValue><ssdm name=""/></StgValue>
</bind>
</comp>

<comp id="24" class="1004" name="input1_V_read_read_fu_24">
<pin_list>
<pin id="25" dir="0" index="0" bw="5184" slack="0"/>
<pin id="26" dir="0" index="1" bw="5184" slack="0"/>
<pin id="27" dir="1" index="2" bw="5184" slack="0"/>
</pin_list>
<bind>
<opcode="read(1150) " fcode="read"/>
<opset="input1_V_read/1 "/>
</bind>
</comp>

<comp id="30" class="1004" name="grp_dense_latency_0_0_0_0_0_0_0_0_0_0_0_1_fu_30">
<pin_list>
<pin id="31" dir="0" index="0" bw="160" slack="0"/>
<pin id="32" dir="0" index="1" bw="5184" slack="0"/>
<pin id="33" dir="1" index="2" bw="160" slack="0"/>
</pin_list>
<bind>
<opcode="call(48) " fcode="call"/>
<opset="call_ret/1 "/>
</bind>
</comp>

<comp id="36" class="1004" name="grp_dense_latency_0_0_0_0_0_0_0_0_0_0_0_fu_36">
<pin_list>
<pin id="37" dir="0" index="0" bw="160" slack="0"/>
<pin id="38" dir="0" index="1" bw="16" slack="1"/>
<pin id="39" dir="0" index="2" bw="16" slack="1"/>
<pin id="40" dir="0" index="3" bw="16" slack="1"/>
<pin id="41" dir="0" index="4" bw="16" slack="1"/>
<pin id="42" dir="0" index="5" bw="16" slack="1"/>
<pin id="43" dir="0" index="6" bw="16" slack="1"/>
<pin id="44" dir="0" index="7" bw="16" slack="1"/>
<pin id="45" dir="0" index="8" bw="16" slack="1"/>
<pin id="46" dir="0" index="9" bw="16" slack="1"/>
<pin id="47" dir="0" index="10" bw="16" slack="1"/>
<pin id="48" dir="1" index="11" bw="160" slack="2147483647"/>
</pin_list>
<bind>
<opcode="call(48) " fcode="call"/>
<opset="call_ret2/12 "/>
</bind>
</comp>

<comp id="50" class="1004" name="call_ret1_relu_ap_fixed_ap_fixed_16_8_5_3_0_ReLU_config3_s_fu_50">
<pin_list>
<pin id="51" dir="0" index="0" bw="160" slack="0"/>
<pin id="52" dir="0" index="1" bw="16" slack="1"/>
<pin id="53" dir="0" index="2" bw="16" slack="1"/>
<pin id="54" dir="0" index="3" bw="16" slack="1"/>
<pin id="55" dir="0" index="4" bw="16" slack="1"/>
<pin id="56" dir="0" index="5" bw="16" slack="1"/>
<pin id="57" dir="0" index="6" bw="16" slack="1"/>
<pin id="58" dir="0" index="7" bw="16" slack="1"/>
<pin id="59" dir="0" index="8" bw="16" slack="1"/>
<pin id="60" dir="0" index="9" bw="16" slack="1"/>
<pin id="61" dir="0" index="10" bw="16" slack="1"/>
<pin id="62" dir="1" index="11" bw="160" slack="0"/>
</pin_list>
<bind>
<opcode="call(48) " fcode="call"/>
<opset="call_ret1/11 "/>
</bind>
</comp>

<comp id="64" class="1004" name="layer2_out_0_V_fu_64">
<pin_list>
<pin id="65" dir="0" index="0" bw="160" slack="0"/>
<pin id="66" dir="1" index="1" bw="16" slack="1"/>
</pin_list>
<bind>
<opcode="extractvalue(56) " fcode="extractvalue"/>
<opset="layer2_out_0_V/10 "/>
</bind>
</comp>

<comp id="68" class="1004" name="layer2_out_1_V_fu_68">
<pin_list>
<pin id="69" dir="0" index="0" bw="160" slack="0"/>
<pin id="70" dir="1" index="1" bw="16" slack="1"/>
</pin_list>
<bind>
<opcode="extractvalue(56) " fcode="extractvalue"/>
<opset="layer2_out_1_V/10 "/>
</bind>
</comp>

<comp id="72" class="1004" name="layer2_out_2_V_fu_72">
<pin_list>
<pin id="73" dir="0" index="0" bw="160" slack="0"/>
<pin id="74" dir="1" index="1" bw="16" slack="1"/>
</pin_list>
<bind>
<opcode="extractvalue(56) " fcode="extractvalue"/>
<opset="layer2_out_2_V/10 "/>
</bind>
</comp>

<comp id="76" class="1004" name="layer2_out_3_V_fu_76">
<pin_list>
<pin id="77" dir="0" index="0" bw="160" slack="0"/>
<pin id="78" dir="1" index="1" bw="16" slack="1"/>
</pin_list>
<bind>
<opcode="extractvalue(56) " fcode="extractvalue"/>
<opset="layer2_out_3_V/10 "/>
</bind>
</comp>

<comp id="80" class="1004" name="layer2_out_4_V_fu_80">
<pin_list>
<pin id="81" dir="0" index="0" bw="160" slack="0"/>
<pin id="82" dir="1" index="1" bw="16" slack="1"/>
</pin_list>
<bind>
<opcode="extractvalue(56) " fcode="extractvalue"/>
<opset="layer2_out_4_V/10 "/>
</bind>
</comp>

<comp id="84" class="1004" name="layer2_out_5_V_fu_84">
<pin_list>
<pin id="85" dir="0" index="0" bw="160" slack="0"/>
<pin id="86" dir="1" index="1" bw="16" slack="1"/>
</pin_list>
<bind>
<opcode="extractvalue(56) " fcode="extractvalue"/>
<opset="layer2_out_5_V/10 "/>
</bind>
</comp>

<comp id="88" class="1004" name="layer2_out_6_V_fu_88">
<pin_list>
<pin id="89" dir="0" index="0" bw="160" slack="0"/>
<pin id="90" dir="1" index="1" bw="16" slack="1"/>
</pin_list>
<bind>
<opcode="extractvalue(56) " fcode="extractvalue"/>
<opset="layer2_out_6_V/10 "/>
</bind>
</comp>

<comp id="92" class="1004" name="layer2_out_7_V_fu_92">
<pin_list>
<pin id="93" dir="0" index="0" bw="160" slack="0"/>
<pin id="94" dir="1" index="1" bw="16" slack="1"/>
</pin_list>
<bind>
<opcode="extractvalue(56) " fcode="extractvalue"/>
<opset="layer2_out_7_V/10 "/>
</bind>
</comp>

<comp id="96" class="1004" name="layer2_out_8_V_fu_96">
<pin_list>
<pin id="97" dir="0" index="0" bw="160" slack="0"/>
<pin id="98" dir="1" index="1" bw="16" slack="1"/>
</pin_list>
<bind>
<opcode="extractvalue(56) " fcode="extractvalue"/>
<opset="layer2_out_8_V/10 "/>
</bind>
</comp>

<comp id="100" class="1004" name="layer2_out_9_V_fu_100">
<pin_list>
<pin id="101" dir="0" index="0" bw="160" slack="0"/>
<pin id="102" dir="1" index="1" bw="16" slack="1"/>
</pin_list>
<bind>
<opcode="extractvalue(56) " fcode="extractvalue"/>
<opset="layer2_out_9_V/10 "/>
</bind>
</comp>

<comp id="104" class="1004" name="layer3_out_0_V_fu_104">
<pin_list>
<pin id="105" dir="0" index="0" bw="160" slack="0"/>
<pin id="106" dir="1" index="1" bw="16" slack="1"/>
</pin_list>
<bind>
<opcode="extractvalue(56) " fcode="extractvalue"/>
<opset="layer3_out_0_V/11 "/>
</bind>
</comp>

<comp id="108" class="1004" name="layer3_out_1_V_fu_108">
<pin_list>
<pin id="109" dir="0" index="0" bw="160" slack="0"/>
<pin id="110" dir="1" index="1" bw="16" slack="1"/>
</pin_list>
<bind>
<opcode="extractvalue(56) " fcode="extractvalue"/>
<opset="layer3_out_1_V/11 "/>
</bind>
</comp>

<comp id="112" class="1004" name="layer3_out_2_V_fu_112">
<pin_list>
<pin id="113" dir="0" index="0" bw="160" slack="0"/>
<pin id="114" dir="1" index="1" bw="16" slack="1"/>
</pin_list>
<bind>
<opcode="extractvalue(56) " fcode="extractvalue"/>
<opset="layer3_out_2_V/11 "/>
</bind>
</comp>

<comp id="116" class="1004" name="layer3_out_3_V_fu_116">
<pin_list>
<pin id="117" dir="0" index="0" bw="160" slack="0"/>
<pin id="118" dir="1" index="1" bw="16" slack="1"/>
</pin_list>
<bind>
<opcode="extractvalue(56) " fcode="extractvalue"/>
<opset="layer3_out_3_V/11 "/>
</bind>
</comp>

<comp id="120" class="1004" name="layer3_out_4_V_fu_120">
<pin_list>
<pin id="121" dir="0" index="0" bw="160" slack="0"/>
<pin id="122" dir="1" index="1" bw="16" slack="1"/>
</pin_list>
<bind>
<opcode="extractvalue(56) " fcode="extractvalue"/>
<opset="layer3_out_4_V/11 "/>
</bind>
</comp>

<comp id="124" class="1004" name="layer3_out_5_V_fu_124">
<pin_list>
<pin id="125" dir="0" index="0" bw="160" slack="0"/>
<pin id="126" dir="1" index="1" bw="16" slack="1"/>
</pin_list>
<bind>
<opcode="extractvalue(56) " fcode="extractvalue"/>
<opset="layer3_out_5_V/11 "/>
</bind>
</comp>

<comp id="128" class="1004" name="layer3_out_6_V_fu_128">
<pin_list>
<pin id="129" dir="0" index="0" bw="160" slack="0"/>
<pin id="130" dir="1" index="1" bw="16" slack="1"/>
</pin_list>
<bind>
<opcode="extractvalue(56) " fcode="extractvalue"/>
<opset="layer3_out_6_V/11 "/>
</bind>
</comp>

<comp id="132" class="1004" name="layer3_out_7_V_fu_132">
<pin_list>
<pin id="133" dir="0" index="0" bw="160" slack="0"/>
<pin id="134" dir="1" index="1" bw="16" slack="1"/>
</pin_list>
<bind>
<opcode="extractvalue(56) " fcode="extractvalue"/>
<opset="layer3_out_7_V/11 "/>
</bind>
</comp>

<comp id="136" class="1004" name="layer3_out_8_V_fu_136">
<pin_list>
<pin id="137" dir="0" index="0" bw="160" slack="0"/>
<pin id="138" dir="1" index="1" bw="16" slack="1"/>
</pin_list>
<bind>
<opcode="extractvalue(56) " fcode="extractvalue"/>
<opset="layer3_out_8_V/11 "/>
</bind>
</comp>

<comp id="140" class="1004" name="layer3_out_9_V_fu_140">
<pin_list>
<pin id="141" dir="0" index="0" bw="160" slack="0"/>
<pin id="142" dir="1" index="1" bw="16" slack="1"/>
</pin_list>
<bind>
<opcode="extractvalue(56) " fcode="extractvalue"/>
<opset="layer3_out_9_V/11 "/>
</bind>
</comp>

<comp id="144" class="1005" name="input1_V_read_reg_144">
<pin_list>
<pin id="145" dir="0" index="0" bw="5184" slack="1"/>
<pin id="146" dir="1" index="1" bw="5184" slack="1"/>
</pin_list>
<bind>
<opset="input1_V_read "/>
</bind>
</comp>

<comp id="149" class="1005" name="layer2_out_0_V_reg_149">
<pin_list>
<pin id="150" dir="0" index="0" bw="16" slack="1"/>
<pin id="151" dir="1" index="1" bw="16" slack="1"/>
</pin_list>
<bind>
<opset="layer2_out_0_V "/>
</bind>
</comp>

<comp id="154" class="1005" name="layer2_out_1_V_reg_154">
<pin_list>
<pin id="155" dir="0" index="0" bw="16" slack="1"/>
<pin id="156" dir="1" index="1" bw="16" slack="1"/>
</pin_list>
<bind>
<opset="layer2_out_1_V "/>
</bind>
</comp>

<comp id="159" class="1005" name="layer2_out_2_V_reg_159">
<pin_list>
<pin id="160" dir="0" index="0" bw="16" slack="1"/>
<pin id="161" dir="1" index="1" bw="16" slack="1"/>
</pin_list>
<bind>
<opset="layer2_out_2_V "/>
</bind>
</comp>

<comp id="164" class="1005" name="layer2_out_3_V_reg_164">
<pin_list>
<pin id="165" dir="0" index="0" bw="16" slack="1"/>
<pin id="166" dir="1" index="1" bw="16" slack="1"/>
</pin_list>
<bind>
<opset="layer2_out_3_V "/>
</bind>
</comp>

<comp id="169" class="1005" name="layer2_out_4_V_reg_169">
<pin_list>
<pin id="170" dir="0" index="0" bw="16" slack="1"/>
<pin id="171" dir="1" index="1" bw="16" slack="1"/>
</pin_list>
<bind>
<opset="layer2_out_4_V "/>
</bind>
</comp>

<comp id="174" class="1005" name="layer2_out_5_V_reg_174">
<pin_list>
<pin id="175" dir="0" index="0" bw="16" slack="1"/>
<pin id="176" dir="1" index="1" bw="16" slack="1"/>
</pin_list>
<bind>
<opset="layer2_out_5_V "/>
</bind>
</comp>

<comp id="179" class="1005" name="layer2_out_6_V_reg_179">
<pin_list>
<pin id="180" dir="0" index="0" bw="16" slack="1"/>
<pin id="181" dir="1" index="1" bw="16" slack="1"/>
</pin_list>
<bind>
<opset="layer2_out_6_V "/>
</bind>
</comp>

<comp id="184" class="1005" name="layer2_out_7_V_reg_184">
<pin_list>
<pin id="185" dir="0" index="0" bw="16" slack="1"/>
<pin id="186" dir="1" index="1" bw="16" slack="1"/>
</pin_list>
<bind>
<opset="layer2_out_7_V "/>
</bind>
</comp>

<comp id="189" class="1005" name="layer2_out_8_V_reg_189">
<pin_list>
<pin id="190" dir="0" index="0" bw="16" slack="1"/>
<pin id="191" dir="1" index="1" bw="16" slack="1"/>
</pin_list>
<bind>
<opset="layer2_out_8_V "/>
</bind>
</comp>

<comp id="194" class="1005" name="layer2_out_9_V_reg_194">
<pin_list>
<pin id="195" dir="0" index="0" bw="16" slack="1"/>
<pin id="196" dir="1" index="1" bw="16" slack="1"/>
</pin_list>
<bind>
<opset="layer2_out_9_V "/>
</bind>
</comp>

<comp id="199" class="1005" name="layer3_out_0_V_reg_199">
<pin_list>
<pin id="200" dir="0" index="0" bw="16" slack="1"/>
<pin id="201" dir="1" index="1" bw="16" slack="1"/>
</pin_list>
<bind>
<opset="layer3_out_0_V "/>
</bind>
</comp>

<comp id="204" class="1005" name="layer3_out_1_V_reg_204">
<pin_list>
<pin id="205" dir="0" index="0" bw="16" slack="1"/>
<pin id="206" dir="1" index="1" bw="16" slack="1"/>
</pin_list>
<bind>
<opset="layer3_out_1_V "/>
</bind>
</comp>

<comp id="209" class="1005" name="layer3_out_2_V_reg_209">
<pin_list>
<pin id="210" dir="0" index="0" bw="16" slack="1"/>
<pin id="211" dir="1" index="1" bw="16" slack="1"/>
</pin_list>
<bind>
<opset="layer3_out_2_V "/>
</bind>
</comp>

<comp id="214" class="1005" name="layer3_out_3_V_reg_214">
<pin_list>
<pin id="215" dir="0" index="0" bw="16" slack="1"/>
<pin id="216" dir="1" index="1" bw="16" slack="1"/>
</pin_list>
<bind>
<opset="layer3_out_3_V "/>
</bind>
</comp>

<comp id="219" class="1005" name="layer3_out_4_V_reg_219">
<pin_list>
<pin id="220" dir="0" index="0" bw="16" slack="1"/>
<pin id="221" dir="1" index="1" bw="16" slack="1"/>
</pin_list>
<bind>
<opset="layer3_out_4_V "/>
</bind>
</comp>

<comp id="224" class="1005" name="layer3_out_5_V_reg_224">
<pin_list>
<pin id="225" dir="0" index="0" bw="16" slack="1"/>
<pin id="226" dir="1" index="1" bw="16" slack="1"/>
</pin_list>
<bind>
<opset="layer3_out_5_V "/>
</bind>
</comp>

<comp id="229" class="1005" name="layer3_out_6_V_reg_229">
<pin_list>
<pin id="230" dir="0" index="0" bw="16" slack="1"/>
<pin id="231" dir="1" index="1" bw="16" slack="1"/>
</pin_list>
<bind>
<opset="layer3_out_6_V "/>
</bind>
</comp>

<comp id="234" class="1005" name="layer3_out_7_V_reg_234">
<pin_list>
<pin id="235" dir="0" index="0" bw="16" slack="1"/>
<pin id="236" dir="1" index="1" bw="16" slack="1"/>
</pin_list>
<bind>
<opset="layer3_out_7_V "/>
</bind>
</comp>

<comp id="239" class="1005" name="layer3_out_8_V_reg_239">
<pin_list>
<pin id="240" dir="0" index="0" bw="16" slack="1"/>
<pin id="241" dir="1" index="1" bw="16" slack="1"/>
</pin_list>
<bind>
<opset="layer3_out_8_V "/>
</bind>
</comp>

<comp id="244" class="1005" name="layer3_out_9_V_reg_244">
<pin_list>
<pin id="245" dir="0" index="0" bw="16" slack="1"/>
<pin id="246" dir="1" index="1" bw="16" slack="1"/>
</pin_list>
<bind>
<opset="layer3_out_9_V "/>
</bind>
</comp>

</comp_list>

<net_list>
<net id="28"><net_src comp="2" pin="0"/><net_sink comp="24" pin=0"/></net>

<net id="29"><net_src comp="0" pin="0"/><net_sink comp="24" pin=1"/></net>

<net id="34"><net_src comp="4" pin="0"/><net_sink comp="30" pin=0"/></net>

<net id="35"><net_src comp="24" pin="2"/><net_sink comp="30" pin=1"/></net>

<net id="49"><net_src comp="8" pin="0"/><net_sink comp="36" pin=0"/></net>

<net id="63"><net_src comp="6" pin="0"/><net_sink comp="50" pin=0"/></net>

<net id="67"><net_src comp="30" pin="2"/><net_sink comp="64" pin=0"/></net>

<net id="71"><net_src comp="30" pin="2"/><net_sink comp="68" pin=0"/></net>

<net id="75"><net_src comp="30" pin="2"/><net_sink comp="72" pin=0"/></net>

<net id="79"><net_src comp="30" pin="2"/><net_sink comp="76" pin=0"/></net>

<net id="83"><net_src comp="30" pin="2"/><net_sink comp="80" pin=0"/></net>

<net id="87"><net_src comp="30" pin="2"/><net_sink comp="84" pin=0"/></net>

<net id="91"><net_src comp="30" pin="2"/><net_sink comp="88" pin=0"/></net>

<net id="95"><net_src comp="30" pin="2"/><net_sink comp="92" pin=0"/></net>

<net id="99"><net_src comp="30" pin="2"/><net_sink comp="96" pin=0"/></net>

<net id="103"><net_src comp="30" pin="2"/><net_sink comp="100" pin=0"/></net>

<net id="107"><net_src comp="50" pin="11"/><net_sink comp="104" pin=0"/></net>

<net id="111"><net_src comp="50" pin="11"/><net_sink comp="108" pin=0"/></net>

<net id="115"><net_src comp="50" pin="11"/><net_sink comp="112" pin=0"/></net>

<net id="119"><net_src comp="50" pin="11"/><net_sink comp="116" pin=0"/></net>

<net id="123"><net_src comp="50" pin="11"/><net_sink comp="120" pin=0"/></net>

<net id="127"><net_src comp="50" pin="11"/><net_sink comp="124" pin=0"/></net>

<net id="131"><net_src comp="50" pin="11"/><net_sink comp="128" pin=0"/></net>

<net id="135"><net_src comp="50" pin="11"/><net_sink comp="132" pin=0"/></net>

<net id="139"><net_src comp="50" pin="11"/><net_sink comp="136" pin=0"/></net>

<net id="143"><net_src comp="50" pin="11"/><net_sink comp="140" pin=0"/></net>

<net id="147"><net_src comp="24" pin="2"/><net_sink comp="144" pin=0"/></net>

<net id="148"><net_src comp="144" pin="1"/><net_sink comp="30" pin=1"/></net>

<net id="152"><net_src comp="64" pin="1"/><net_sink comp="149" pin=0"/></net>

<net id="153"><net_src comp="149" pin="1"/><net_sink comp="50" pin=1"/></net>

<net id="157"><net_src comp="68" pin="1"/><net_sink comp="154" pin=0"/></net>

<net id="158"><net_src comp="154" pin="1"/><net_sink comp="50" pin=2"/></net>

<net id="162"><net_src comp="72" pin="1"/><net_sink comp="159" pin=0"/></net>

<net id="163"><net_src comp="159" pin="1"/><net_sink comp="50" pin=3"/></net>

<net id="167"><net_src comp="76" pin="1"/><net_sink comp="164" pin=0"/></net>

<net id="168"><net_src comp="164" pin="1"/><net_sink comp="50" pin=4"/></net>

<net id="172"><net_src comp="80" pin="1"/><net_sink comp="169" pin=0"/></net>

<net id="173"><net_src comp="169" pin="1"/><net_sink comp="50" pin=5"/></net>

<net id="177"><net_src comp="84" pin="1"/><net_sink comp="174" pin=0"/></net>

<net id="178"><net_src comp="174" pin="1"/><net_sink comp="50" pin=6"/></net>

<net id="182"><net_src comp="88" pin="1"/><net_sink comp="179" pin=0"/></net>

<net id="183"><net_src comp="179" pin="1"/><net_sink comp="50" pin=7"/></net>

<net id="187"><net_src comp="92" pin="1"/><net_sink comp="184" pin=0"/></net>

<net id="188"><net_src comp="184" pin="1"/><net_sink comp="50" pin=8"/></net>

<net id="192"><net_src comp="96" pin="1"/><net_sink comp="189" pin=0"/></net>

<net id="193"><net_src comp="189" pin="1"/><net_sink comp="50" pin=9"/></net>

<net id="197"><net_src comp="100" pin="1"/><net_sink comp="194" pin=0"/></net>

<net id="198"><net_src comp="194" pin="1"/><net_sink comp="50" pin=10"/></net>

<net id="202"><net_src comp="104" pin="1"/><net_sink comp="199" pin=0"/></net>

<net id="203"><net_src comp="199" pin="1"/><net_sink comp="36" pin=1"/></net>

<net id="207"><net_src comp="108" pin="1"/><net_sink comp="204" pin=0"/></net>

<net id="208"><net_src comp="204" pin="1"/><net_sink comp="36" pin=2"/></net>

<net id="212"><net_src comp="112" pin="1"/><net_sink comp="209" pin=0"/></net>

<net id="213"><net_src comp="209" pin="1"/><net_sink comp="36" pin=3"/></net>

<net id="217"><net_src comp="116" pin="1"/><net_sink comp="214" pin=0"/></net>

<net id="218"><net_src comp="214" pin="1"/><net_sink comp="36" pin=4"/></net>

<net id="222"><net_src comp="120" pin="1"/><net_sink comp="219" pin=0"/></net>

<net id="223"><net_src comp="219" pin="1"/><net_sink comp="36" pin=5"/></net>

<net id="227"><net_src comp="124" pin="1"/><net_sink comp="224" pin=0"/></net>

<net id="228"><net_src comp="224" pin="1"/><net_sink comp="36" pin=6"/></net>

<net id="232"><net_src comp="128" pin="1"/><net_sink comp="229" pin=0"/></net>

<net id="233"><net_src comp="229" pin="1"/><net_sink comp="36" pin=7"/></net>

<net id="237"><net_src comp="132" pin="1"/><net_sink comp="234" pin=0"/></net>

<net id="238"><net_src comp="234" pin="1"/><net_sink comp="36" pin=8"/></net>

<net id="242"><net_src comp="136" pin="1"/><net_sink comp="239" pin=0"/></net>

<net id="243"><net_src comp="239" pin="1"/><net_sink comp="36" pin=9"/></net>

<net id="247"><net_src comp="140" pin="1"/><net_sink comp="244" pin=0"/></net>

<net id="248"><net_src comp="244" pin="1"/><net_sink comp="36" pin=10"/></net>

</net_list>

</model> 
---------------- Datapath Model END ------------------

* FSMD analyzer results:
  - Output states:
 - Input state : 
	Port: myproject : input1_V | {1 }
  - Chain level:
	State 1
	State 2
	State 3
	State 4
	State 5
	State 6
	State 7
	State 8
	State 9
	State 10
		layer2_out_0_V : 1
		layer2_out_1_V : 1
		layer2_out_2_V : 1
		layer2_out_3_V : 1
		layer2_out_4_V : 1
		layer2_out_5_V : 1
		layer2_out_6_V : 1
		layer2_out_7_V : 1
		layer2_out_8_V : 1
		layer2_out_9_V : 1
	State 11
		layer3_out_0_V : 1
		layer3_out_1_V : 1
		layer3_out_2_V : 1
		layer3_out_3_V : 1
		layer3_out_4_V : 1
		layer3_out_5_V : 1
		layer3_out_6_V : 1
		layer3_out_7_V : 1
		layer3_out_8_V : 1
		layer3_out_9_V : 1
	State 12
	State 13
	State 14
	State 15
	State 16
	State 17
		ret_ln46 : 1


============================================================
+ Verbose Summary: Datapath Resource usage 
============================================================

* Functional unit list:
|----------|------------------------------------------------------------------|---------|---------|---------|---------|
| Operation|                          Functional Unit                         |  DSP48E |  Delay  |    FF   |   LUT   |
|----------|------------------------------------------------------------------|---------|---------|---------|---------|
|          |          grp_dense_latency_0_0_0_0_0_0_0_0_0_0_0_1_fu_30         |   1156  | 514.464 |  150710 |  88376  |
|   call   |           grp_dense_latency_0_0_0_0_0_0_0_0_0_0_0_fu_36          |    75   |  34.95  |   7409  |   2544  |
|          | call_ret1_relu_ap_fixed_ap_fixed_16_8_5_3_0_ReLU_config3_s_fu_50 |    0    |    0    |    0    |   220   |
|----------|------------------------------------------------------------------|---------|---------|---------|---------|
|   read   |                     input1_V_read_read_fu_24                     |    0    |    0    |    0    |    0    |
|----------|------------------------------------------------------------------|---------|---------|---------|---------|
|          |                       layer2_out_0_V_fu_64                       |    0    |    0    |    0    |    0    |
|          |                       layer2_out_1_V_fu_68                       |    0    |    0    |    0    |    0    |
|          |                       layer2_out_2_V_fu_72                       |    0    |    0    |    0    |    0    |
|          |                       layer2_out_3_V_fu_76                       |    0    |    0    |    0    |    0    |
|          |                       layer2_out_4_V_fu_80                       |    0    |    0    |    0    |    0    |
|          |                       layer2_out_5_V_fu_84                       |    0    |    0    |    0    |    0    |
|          |                       layer2_out_6_V_fu_88                       |    0    |    0    |    0    |    0    |
|          |                       layer2_out_7_V_fu_92                       |    0    |    0    |    0    |    0    |
|          |                       layer2_out_8_V_fu_96                       |    0    |    0    |    0    |    0    |
|extractvalue|                       layer2_out_9_V_fu_100                      |    0    |    0    |    0    |    0    |
|          |                       layer3_out_0_V_fu_104                      |    0    |    0    |    0    |    0    |
|          |                       layer3_out_1_V_fu_108                      |    0    |    0    |    0    |    0    |
|          |                       layer3_out_2_V_fu_112                      |    0    |    0    |    0    |    0    |
|          |                       layer3_out_3_V_fu_116                      |    0    |    0    |    0    |    0    |
|          |                       layer3_out_4_V_fu_120                      |    0    |    0    |    0    |    0    |
|          |                       layer3_out_5_V_fu_124                      |    0    |    0    |    0    |    0    |
|          |                       layer3_out_6_V_fu_128                      |    0    |    0    |    0    |    0    |
|          |                       layer3_out_7_V_fu_132                      |    0    |    0    |    0    |    0    |
|          |                       layer3_out_8_V_fu_136                      |    0    |    0    |    0    |    0    |
|          |                       layer3_out_9_V_fu_140                      |    0    |    0    |    0    |    0    |
|----------|------------------------------------------------------------------|---------|---------|---------|---------|
|   Total  |                                                                  |   1231  | 549.414 |  158119 |  91140  |
|----------|------------------------------------------------------------------|---------|---------|---------|---------|

Memories:
N/A

* Register list:
+----------------------+--------+
|                      |   FF   |
+----------------------+--------+
| input1_V_read_reg_144|  5184  |
|layer2_out_0_V_reg_149|   16   |
|layer2_out_1_V_reg_154|   16   |
|layer2_out_2_V_reg_159|   16   |
|layer2_out_3_V_reg_164|   16   |
|layer2_out_4_V_reg_169|   16   |
|layer2_out_5_V_reg_174|   16   |
|layer2_out_6_V_reg_179|   16   |
|layer2_out_7_V_reg_184|   16   |
|layer2_out_8_V_reg_189|   16   |
|layer2_out_9_V_reg_194|   16   |
|layer3_out_0_V_reg_199|   16   |
|layer3_out_1_V_reg_204|   16   |
|layer3_out_2_V_reg_209|   16   |
|layer3_out_3_V_reg_214|   16   |
|layer3_out_4_V_reg_219|   16   |
|layer3_out_5_V_reg_224|   16   |
|layer3_out_6_V_reg_229|   16   |
|layer3_out_7_V_reg_234|   16   |
|layer3_out_8_V_reg_239|   16   |
|layer3_out_9_V_reg_244|   16   |
+----------------------+--------+
|         Total        |  5504  |
+----------------------+--------+

* Multiplexer (MUX) list: 
|-------------------------------------------------|------|------|------|--------||---------||---------|
|                       Comp                      |  Pin | Size |  BW  | S x BW ||  Delay  ||   LUT   |
|-------------------------------------------------|------|------|------|--------||---------||---------|
| grp_dense_latency_0_0_0_0_0_0_0_0_0_0_0_1_fu_30 |  p1  |   2  | 5184 |  10368 ||    3    |
|-------------------------------------------------|------|------|------|--------||---------||---------|
|                      Total                      |      |      |      |  10368 ||  0.466  ||    3    |
|-------------------------------------------------|------|------|------|--------||---------||---------|



* Summary:
+-----------+--------+--------+--------+--------+
|           | DSP48E |  Delay |   FF   |   LUT  |
+-----------+--------+--------+--------+--------+
|  Function |  1231  |   549  | 158119 |  91140 |
|   Memory  |    -   |    -   |    -   |    -   |
|Multiplexer|    -   |    0   |    -   |    3   |
|  Register |    -   |    -   |  5504  |    -   |
+-----------+--------+--------+--------+--------+
|   Total   |  1231  |   549  | 163623 |  91143 |
+-----------+--------+--------+--------+--------+
