

================================================================
== Vivado HLS Report for 'relu_ap_fixed_ap_fixed_16_8_5_3_0_ReLU_config3_s'
================================================================
* Date:           Sun Oct 23 21:52:44 2022

* Version:        2019.1 (Build 2552052 on Fri May 24 15:28:33 MDT 2019)
* Project:        myproject_prj
* Solution:       solution1
* Product family: zynq
* Target device:  xc7z045-ffg900-2


================================================================
== Performance Estimates
================================================================
+ Timing (ns): 
    * Summary: 
    +--------+-------+----------+------------+
    |  Clock | Target| Estimated| Uncertainty|
    +--------+-------+----------+------------+
    |ap_clk  |   5.00|     2.746|        0.62|
    +--------+-------+----------+------------+

+ Latency (clock cycles): 
    * Summary: 
    +-----+-----+-----+-----+----------+
    |  Latency  |  Interval | Pipeline |
    | min | max | min | max |   Type   |
    +-----+-----+-----+-----+----------+
    |    0|    0|    1|    1| function |
    +-----+-----+-----+-----+----------+

    + Detail: 
        * Instance: 
        N/A

        * Loop: 
        N/A



================================================================
== Utilization Estimates
================================================================
* Summary: 
+-----------------+---------+-------+--------+--------+-----+
|       Name      | BRAM_18K| DSP48E|   FF   |   LUT  | URAM|
+-----------------+---------+-------+--------+--------+-----+
|DSP              |        -|      -|       -|       -|    -|
|Expression       |        -|      -|       0|     220|    -|
|FIFO             |        -|      -|       -|       -|    -|
|Instance         |        -|      -|       -|       -|    -|
|Memory           |        -|      -|       -|       -|    -|
|Multiplexer      |        -|      -|       -|       -|    -|
|Register         |        -|      -|       -|       -|    -|
+-----------------+---------+-------+--------+--------+-----+
|Total            |        0|      0|       0|     220|    0|
+-----------------+---------+-------+--------+--------+-----+
|Available        |     1090|    900|  437200|  218600|    0|
+-----------------+---------+-------+--------+--------+-----+
|Utilization (%)  |        0|      0|       0|   ~0   |    0|
+-----------------+---------+-------+--------+--------+-----+

+ Detail: 
    * Instance: 
    N/A

    * DSP48E: 
    N/A

    * Memory: 
    N/A

    * FIFO: 
    N/A

    * Expression: 
    +-------------------------+----------+-------+---+----+------------+------------+
    |      Variable Name      | Operation| DSP48E| FF| LUT| Bitwidth P0| Bitwidth P1|
    +-------------------------+----------+-------+---+----+------------+------------+
    |icmp_ln1494_1_fu_126_p2  |   icmp   |      0|  0|   7|          16|           1|
    |icmp_ln1494_2_fu_148_p2  |   icmp   |      0|  0|   7|          16|           1|
    |icmp_ln1494_3_fu_170_p2  |   icmp   |      0|  0|   7|          16|           1|
    |icmp_ln1494_4_fu_192_p2  |   icmp   |      0|  0|   7|          16|           1|
    |icmp_ln1494_5_fu_214_p2  |   icmp   |      0|  0|   7|          16|           1|
    |icmp_ln1494_6_fu_236_p2  |   icmp   |      0|  0|   7|          16|           1|
    |icmp_ln1494_7_fu_258_p2  |   icmp   |      0|  0|   7|          16|           1|
    |icmp_ln1494_8_fu_280_p2  |   icmp   |      0|  0|   7|          16|           1|
    |icmp_ln1494_9_fu_302_p2  |   icmp   |      0|  0|   7|          16|           1|
    |icmp_ln1494_fu_104_p2    |   icmp   |      0|  0|   7|          16|           1|
    |select_ln81_1_fu_136_p3  |  select  |      0|  0|  15|           1|          15|
    |select_ln81_2_fu_158_p3  |  select  |      0|  0|  15|           1|          15|
    |select_ln81_3_fu_180_p3  |  select  |      0|  0|  15|           1|          15|
    |select_ln81_4_fu_202_p3  |  select  |      0|  0|  15|           1|          15|
    |select_ln81_5_fu_224_p3  |  select  |      0|  0|  15|           1|          15|
    |select_ln81_6_fu_246_p3  |  select  |      0|  0|  15|           1|          15|
    |select_ln81_7_fu_268_p3  |  select  |      0|  0|  15|           1|          15|
    |select_ln81_8_fu_290_p3  |  select  |      0|  0|  15|           1|          15|
    |select_ln81_9_fu_312_p3  |  select  |      0|  0|  15|           1|          15|
    |select_ln81_fu_114_p3    |  select  |      0|  0|  15|           1|          15|
    +-------------------------+----------+-------+---+----+------------+------------+
    |Total                    |          |      0|  0| 220|         170|         160|
    +-------------------------+----------+-------+---+----+------------+------------+

    * Multiplexer: 
    N/A

    * Register: 
    N/A



================================================================
== Interface
================================================================
* Summary: 
+---------------+-----+-----+------------+--------------------------------------------------+--------------+
|   RTL Ports   | Dir | Bits|  Protocol  |                   Source Object                  |    C Type    |
+---------------+-----+-----+------------+--------------------------------------------------+--------------+
|ap_ready       | out |    1| ap_ctrl_hs | relu<ap_fixed,ap_fixed<16,8,5,3,0>,ReLU_config3> | return value |
|ap_return_0    | out |   16| ap_ctrl_hs | relu<ap_fixed,ap_fixed<16,8,5,3,0>,ReLU_config3> | return value |
|ap_return_1    | out |   16| ap_ctrl_hs | relu<ap_fixed,ap_fixed<16,8,5,3,0>,ReLU_config3> | return value |
|ap_return_2    | out |   16| ap_ctrl_hs | relu<ap_fixed,ap_fixed<16,8,5,3,0>,ReLU_config3> | return value |
|ap_return_3    | out |   16| ap_ctrl_hs | relu<ap_fixed,ap_fixed<16,8,5,3,0>,ReLU_config3> | return value |
|ap_return_4    | out |   16| ap_ctrl_hs | relu<ap_fixed,ap_fixed<16,8,5,3,0>,ReLU_config3> | return value |
|ap_return_5    | out |   16| ap_ctrl_hs | relu<ap_fixed,ap_fixed<16,8,5,3,0>,ReLU_config3> | return value |
|ap_return_6    | out |   16| ap_ctrl_hs | relu<ap_fixed,ap_fixed<16,8,5,3,0>,ReLU_config3> | return value |
|ap_return_7    | out |   16| ap_ctrl_hs | relu<ap_fixed,ap_fixed<16,8,5,3,0>,ReLU_config3> | return value |
|ap_return_8    | out |   16| ap_ctrl_hs | relu<ap_fixed,ap_fixed<16,8,5,3,0>,ReLU_config3> | return value |
|ap_return_9    | out |   16| ap_ctrl_hs | relu<ap_fixed,ap_fixed<16,8,5,3,0>,ReLU_config3> | return value |
|data_0_V_read  |  in |   16|   ap_none  |                   data_0_V_read                  |    scalar    |
|data_1_V_read  |  in |   16|   ap_none  |                   data_1_V_read                  |    scalar    |
|data_2_V_read  |  in |   16|   ap_none  |                   data_2_V_read                  |    scalar    |
|data_3_V_read  |  in |   16|   ap_none  |                   data_3_V_read                  |    scalar    |
|data_4_V_read  |  in |   16|   ap_none  |                   data_4_V_read                  |    scalar    |
|data_5_V_read  |  in |   16|   ap_none  |                   data_5_V_read                  |    scalar    |
|data_6_V_read  |  in |   16|   ap_none  |                   data_6_V_read                  |    scalar    |
|data_7_V_read  |  in |   16|   ap_none  |                   data_7_V_read                  |    scalar    |
|data_8_V_read  |  in |   16|   ap_none  |                   data_8_V_read                  |    scalar    |
|data_9_V_read  |  in |   16|   ap_none  |                   data_9_V_read                  |    scalar    |
+---------------+-----+-----+------------+--------------------------------------------------+--------------+

============================================================
+ Verbose Summary: Synthesis Manager
============================================================
InlineROM: 1
ExposeGlobal: 0
============================================================
+ Verbose Summary: CDFG Model
============================================================
IsTopModel: 0
ResetActiveHigh: 1
IsCombinational: 1
IsDatapathOnly: 2
HasWiredReturn: 1
HasMFsm: 2
HasVarLatency: 0
IsPipeline: 1
IsRtlPipelined: 0
IsInstanceOverlapped: 0
IsDontTouch: 0
HasImplIP: 0
IsGatedGlobalClock: 0

+ Individual pipeline summary: 
  * Pipeline-0: initiation interval (II) = 1, depth = 1


============================================================
+ Verbose Summary: Schedule
============================================================
* Number of FSM states : 1
* Pipeline : 1
  Pipeline-0 : II = 1, D = 1, States = { 1 }
* Dataflow Pipeline: 0

* FSM state transitions: 
1 --> 

* FSM state operations: 

State 1 <SV = 0> <Delay = 2.74>
ST_1 : Operation 2 [1/1] (0.00ns)   --->   "%data_9_V_read_1 = call i16 @_ssdm_op_Read.ap_auto.i16(i16 %data_9_V_read)" [firmware/nnet_utils/nnet_activation.h:69]   --->   Operation 2 'read' 'data_9_V_read_1' <Predicate = true> <Delay = 0.00>
ST_1 : Operation 3 [1/1] (0.00ns)   --->   "%data_8_V_read_1 = call i16 @_ssdm_op_Read.ap_auto.i16(i16 %data_8_V_read)" [firmware/nnet_utils/nnet_activation.h:69]   --->   Operation 3 'read' 'data_8_V_read_1' <Predicate = true> <Delay = 0.00>
ST_1 : Operation 4 [1/1] (0.00ns)   --->   "%data_7_V_read_1 = call i16 @_ssdm_op_Read.ap_auto.i16(i16 %data_7_V_read)" [firmware/nnet_utils/nnet_activation.h:69]   --->   Operation 4 'read' 'data_7_V_read_1' <Predicate = true> <Delay = 0.00>
ST_1 : Operation 5 [1/1] (0.00ns)   --->   "%data_6_V_read_1 = call i16 @_ssdm_op_Read.ap_auto.i16(i16 %data_6_V_read)" [firmware/nnet_utils/nnet_activation.h:69]   --->   Operation 5 'read' 'data_6_V_read_1' <Predicate = true> <Delay = 0.00>
ST_1 : Operation 6 [1/1] (0.00ns)   --->   "%data_5_V_read_1 = call i16 @_ssdm_op_Read.ap_auto.i16(i16 %data_5_V_read)" [firmware/nnet_utils/nnet_activation.h:69]   --->   Operation 6 'read' 'data_5_V_read_1' <Predicate = true> <Delay = 0.00>
ST_1 : Operation 7 [1/1] (0.00ns)   --->   "%data_4_V_read_1 = call i16 @_ssdm_op_Read.ap_auto.i16(i16 %data_4_V_read)" [firmware/nnet_utils/nnet_activation.h:69]   --->   Operation 7 'read' 'data_4_V_read_1' <Predicate = true> <Delay = 0.00>
ST_1 : Operation 8 [1/1] (0.00ns)   --->   "%data_3_V_read_1 = call i16 @_ssdm_op_Read.ap_auto.i16(i16 %data_3_V_read)" [firmware/nnet_utils/nnet_activation.h:69]   --->   Operation 8 'read' 'data_3_V_read_1' <Predicate = true> <Delay = 0.00>
ST_1 : Operation 9 [1/1] (0.00ns)   --->   "%data_2_V_read_1 = call i16 @_ssdm_op_Read.ap_auto.i16(i16 %data_2_V_read)" [firmware/nnet_utils/nnet_activation.h:69]   --->   Operation 9 'read' 'data_2_V_read_1' <Predicate = true> <Delay = 0.00>
ST_1 : Operation 10 [1/1] (0.00ns)   --->   "%data_1_V_read_1 = call i16 @_ssdm_op_Read.ap_auto.i16(i16 %data_1_V_read)" [firmware/nnet_utils/nnet_activation.h:69]   --->   Operation 10 'read' 'data_1_V_read_1' <Predicate = true> <Delay = 0.00>
ST_1 : Operation 11 [1/1] (0.00ns)   --->   "%data_0_V_read_1 = call i16 @_ssdm_op_Read.ap_auto.i16(i16 %data_0_V_read)" [firmware/nnet_utils/nnet_activation.h:69]   --->   Operation 11 'read' 'data_0_V_read_1' <Predicate = true> <Delay = 0.00>
ST_1 : Operation 12 [1/1] (0.00ns)   --->   "%tmp = call i32 (...)* @_ssdm_op_SpecRegionBegin([12 x i8]* @p_str15)" [firmware/nnet_utils/nnet_activation.h:71]   --->   Operation 12 'specregionbegin' 'tmp' <Predicate = true> <Delay = 0.00>
ST_1 : Operation 13 [1/1] (0.00ns)   --->   "call void (...)* @_ssdm_op_SpecPipeline(i32 -1, i32 1, i32 1, i32 0, [1 x i8]* @p_str5) nounwind" [firmware/nnet_utils/nnet_activation.h:72]   --->   Operation 13 'specpipeline' <Predicate = true> <Delay = 0.00>
ST_1 : Operation 14 [1/1] (0.00ns)   --->   "%empty = call i32 (...)* @_ssdm_op_SpecRegionEnd([12 x i8]* @p_str15, i32 %tmp)" [firmware/nnet_utils/nnet_activation.h:73]   --->   Operation 14 'specregionend' 'empty' <Predicate = true> <Delay = 0.00>
ST_1 : Operation 15 [1/1] (2.13ns)   --->   "%icmp_ln1494 = icmp sgt i16 %data_0_V_read_1, 0" [firmware/nnet_utils/nnet_activation.h:81]   --->   Operation 15 'icmp' 'icmp_ln1494' <Predicate = true> <Delay = 2.13> <Core = "Cmp">   --->   Core 25 'Cmp' <Latency = 0> <II = 1> <Delay = 2.13> <FuncUnit> <Opcode : 'icmp'> <InPorts = 2> <OutPorts = 1>
ST_1 : Operation 16 [1/1] (0.00ns)   --->   "%trunc_ln81 = trunc i16 %data_0_V_read_1 to i15" [firmware/nnet_utils/nnet_activation.h:81]   --->   Operation 16 'trunc' 'trunc_ln81' <Predicate = (icmp_ln1494)> <Delay = 0.00>
ST_1 : Operation 17 [1/1] (0.60ns)   --->   "%select_ln81 = select i1 %icmp_ln1494, i15 %trunc_ln81, i15 0" [firmware/nnet_utils/nnet_activation.h:81]   --->   Operation 17 'select' 'select_ln81' <Predicate = true> <Delay = 0.60> <Core = "Sel">   --->   Core 26 'Sel' <Latency = 0> <II = 1> <Delay = 0.60> <FuncUnit> <Opcode : 'select'> <InPorts = 3> <OutPorts = 1>
ST_1 : Operation 18 [1/1] (0.00ns)   --->   "%zext_ln81 = zext i15 %select_ln81 to i16" [firmware/nnet_utils/nnet_activation.h:81]   --->   Operation 18 'zext' 'zext_ln81' <Predicate = true> <Delay = 0.00>
ST_1 : Operation 19 [1/1] (2.13ns)   --->   "%icmp_ln1494_1 = icmp sgt i16 %data_1_V_read_1, 0" [firmware/nnet_utils/nnet_activation.h:81]   --->   Operation 19 'icmp' 'icmp_ln1494_1' <Predicate = true> <Delay = 2.13> <Core = "Cmp">   --->   Core 25 'Cmp' <Latency = 0> <II = 1> <Delay = 2.13> <FuncUnit> <Opcode : 'icmp'> <InPorts = 2> <OutPorts = 1>
ST_1 : Operation 20 [1/1] (0.00ns)   --->   "%trunc_ln81_1 = trunc i16 %data_1_V_read_1 to i15" [firmware/nnet_utils/nnet_activation.h:81]   --->   Operation 20 'trunc' 'trunc_ln81_1' <Predicate = (icmp_ln1494_1)> <Delay = 0.00>
ST_1 : Operation 21 [1/1] (0.60ns)   --->   "%select_ln81_1 = select i1 %icmp_ln1494_1, i15 %trunc_ln81_1, i15 0" [firmware/nnet_utils/nnet_activation.h:81]   --->   Operation 21 'select' 'select_ln81_1' <Predicate = true> <Delay = 0.60> <Core = "Sel">   --->   Core 26 'Sel' <Latency = 0> <II = 1> <Delay = 0.60> <FuncUnit> <Opcode : 'select'> <InPorts = 3> <OutPorts = 1>
ST_1 : Operation 22 [1/1] (0.00ns)   --->   "%zext_ln81_1 = zext i15 %select_ln81_1 to i16" [firmware/nnet_utils/nnet_activation.h:81]   --->   Operation 22 'zext' 'zext_ln81_1' <Predicate = true> <Delay = 0.00>
ST_1 : Operation 23 [1/1] (2.13ns)   --->   "%icmp_ln1494_2 = icmp sgt i16 %data_2_V_read_1, 0" [firmware/nnet_utils/nnet_activation.h:81]   --->   Operation 23 'icmp' 'icmp_ln1494_2' <Predicate = true> <Delay = 2.13> <Core = "Cmp">   --->   Core 25 'Cmp' <Latency = 0> <II = 1> <Delay = 2.13> <FuncUnit> <Opcode : 'icmp'> <InPorts = 2> <OutPorts = 1>
ST_1 : Operation 24 [1/1] (0.00ns)   --->   "%trunc_ln81_2 = trunc i16 %data_2_V_read_1 to i15" [firmware/nnet_utils/nnet_activation.h:81]   --->   Operation 24 'trunc' 'trunc_ln81_2' <Predicate = (icmp_ln1494_2)> <Delay = 0.00>
ST_1 : Operation 25 [1/1] (0.60ns)   --->   "%select_ln81_2 = select i1 %icmp_ln1494_2, i15 %trunc_ln81_2, i15 0" [firmware/nnet_utils/nnet_activation.h:81]   --->   Operation 25 'select' 'select_ln81_2' <Predicate = true> <Delay = 0.60> <Core = "Sel">   --->   Core 26 'Sel' <Latency = 0> <II = 1> <Delay = 0.60> <FuncUnit> <Opcode : 'select'> <InPorts = 3> <OutPorts = 1>
ST_1 : Operation 26 [1/1] (0.00ns)   --->   "%zext_ln81_2 = zext i15 %select_ln81_2 to i16" [firmware/nnet_utils/nnet_activation.h:81]   --->   Operation 26 'zext' 'zext_ln81_2' <Predicate = true> <Delay = 0.00>
ST_1 : Operation 27 [1/1] (2.13ns)   --->   "%icmp_ln1494_3 = icmp sgt i16 %data_3_V_read_1, 0" [firmware/nnet_utils/nnet_activation.h:81]   --->   Operation 27 'icmp' 'icmp_ln1494_3' <Predicate = true> <Delay = 2.13> <Core = "Cmp">   --->   Core 25 'Cmp' <Latency = 0> <II = 1> <Delay = 2.13> <FuncUnit> <Opcode : 'icmp'> <InPorts = 2> <OutPorts = 1>
ST_1 : Operation 28 [1/1] (0.00ns)   --->   "%trunc_ln81_3 = trunc i16 %data_3_V_read_1 to i15" [firmware/nnet_utils/nnet_activation.h:81]   --->   Operation 28 'trunc' 'trunc_ln81_3' <Predicate = (icmp_ln1494_3)> <Delay = 0.00>
ST_1 : Operation 29 [1/1] (0.60ns)   --->   "%select_ln81_3 = select i1 %icmp_ln1494_3, i15 %trunc_ln81_3, i15 0" [firmware/nnet_utils/nnet_activation.h:81]   --->   Operation 29 'select' 'select_ln81_3' <Predicate = true> <Delay = 0.60> <Core = "Sel">   --->   Core 26 'Sel' <Latency = 0> <II = 1> <Delay = 0.60> <FuncUnit> <Opcode : 'select'> <InPorts = 3> <OutPorts = 1>
ST_1 : Operation 30 [1/1] (0.00ns)   --->   "%zext_ln81_3 = zext i15 %select_ln81_3 to i16" [firmware/nnet_utils/nnet_activation.h:81]   --->   Operation 30 'zext' 'zext_ln81_3' <Predicate = true> <Delay = 0.00>
ST_1 : Operation 31 [1/1] (2.13ns)   --->   "%icmp_ln1494_4 = icmp sgt i16 %data_4_V_read_1, 0" [firmware/nnet_utils/nnet_activation.h:81]   --->   Operation 31 'icmp' 'icmp_ln1494_4' <Predicate = true> <Delay = 2.13> <Core = "Cmp">   --->   Core 25 'Cmp' <Latency = 0> <II = 1> <Delay = 2.13> <FuncUnit> <Opcode : 'icmp'> <InPorts = 2> <OutPorts = 1>
ST_1 : Operation 32 [1/1] (0.00ns)   --->   "%trunc_ln81_4 = trunc i16 %data_4_V_read_1 to i15" [firmware/nnet_utils/nnet_activation.h:81]   --->   Operation 32 'trunc' 'trunc_ln81_4' <Predicate = (icmp_ln1494_4)> <Delay = 0.00>
ST_1 : Operation 33 [1/1] (0.60ns)   --->   "%select_ln81_4 = select i1 %icmp_ln1494_4, i15 %trunc_ln81_4, i15 0" [firmware/nnet_utils/nnet_activation.h:81]   --->   Operation 33 'select' 'select_ln81_4' <Predicate = true> <Delay = 0.60> <Core = "Sel">   --->   Core 26 'Sel' <Latency = 0> <II = 1> <Delay = 0.60> <FuncUnit> <Opcode : 'select'> <InPorts = 3> <OutPorts = 1>
ST_1 : Operation 34 [1/1] (0.00ns)   --->   "%zext_ln81_4 = zext i15 %select_ln81_4 to i16" [firmware/nnet_utils/nnet_activation.h:81]   --->   Operation 34 'zext' 'zext_ln81_4' <Predicate = true> <Delay = 0.00>
ST_1 : Operation 35 [1/1] (2.13ns)   --->   "%icmp_ln1494_5 = icmp sgt i16 %data_5_V_read_1, 0" [firmware/nnet_utils/nnet_activation.h:81]   --->   Operation 35 'icmp' 'icmp_ln1494_5' <Predicate = true> <Delay = 2.13> <Core = "Cmp">   --->   Core 25 'Cmp' <Latency = 0> <II = 1> <Delay = 2.13> <FuncUnit> <Opcode : 'icmp'> <InPorts = 2> <OutPorts = 1>
ST_1 : Operation 36 [1/1] (0.00ns)   --->   "%trunc_ln81_5 = trunc i16 %data_5_V_read_1 to i15" [firmware/nnet_utils/nnet_activation.h:81]   --->   Operation 36 'trunc' 'trunc_ln81_5' <Predicate = (icmp_ln1494_5)> <Delay = 0.00>
ST_1 : Operation 37 [1/1] (0.60ns)   --->   "%select_ln81_5 = select i1 %icmp_ln1494_5, i15 %trunc_ln81_5, i15 0" [firmware/nnet_utils/nnet_activation.h:81]   --->   Operation 37 'select' 'select_ln81_5' <Predicate = true> <Delay = 0.60> <Core = "Sel">   --->   Core 26 'Sel' <Latency = 0> <II = 1> <Delay = 0.60> <FuncUnit> <Opcode : 'select'> <InPorts = 3> <OutPorts = 1>
ST_1 : Operation 38 [1/1] (0.00ns)   --->   "%zext_ln81_5 = zext i15 %select_ln81_5 to i16" [firmware/nnet_utils/nnet_activation.h:81]   --->   Operation 38 'zext' 'zext_ln81_5' <Predicate = true> <Delay = 0.00>
ST_1 : Operation 39 [1/1] (2.13ns)   --->   "%icmp_ln1494_6 = icmp sgt i16 %data_6_V_read_1, 0" [firmware/nnet_utils/nnet_activation.h:81]   --->   Operation 39 'icmp' 'icmp_ln1494_6' <Predicate = true> <Delay = 2.13> <Core = "Cmp">   --->   Core 25 'Cmp' <Latency = 0> <II = 1> <Delay = 2.13> <FuncUnit> <Opcode : 'icmp'> <InPorts = 2> <OutPorts = 1>
ST_1 : Operation 40 [1/1] (0.00ns)   --->   "%trunc_ln81_6 = trunc i16 %data_6_V_read_1 to i15" [firmware/nnet_utils/nnet_activation.h:81]   --->   Operation 40 'trunc' 'trunc_ln81_6' <Predicate = (icmp_ln1494_6)> <Delay = 0.00>
ST_1 : Operation 41 [1/1] (0.60ns)   --->   "%select_ln81_6 = select i1 %icmp_ln1494_6, i15 %trunc_ln81_6, i15 0" [firmware/nnet_utils/nnet_activation.h:81]   --->   Operation 41 'select' 'select_ln81_6' <Predicate = true> <Delay = 0.60> <Core = "Sel">   --->   Core 26 'Sel' <Latency = 0> <II = 1> <Delay = 0.60> <FuncUnit> <Opcode : 'select'> <InPorts = 3> <OutPorts = 1>
ST_1 : Operation 42 [1/1] (0.00ns)   --->   "%zext_ln81_6 = zext i15 %select_ln81_6 to i16" [firmware/nnet_utils/nnet_activation.h:81]   --->   Operation 42 'zext' 'zext_ln81_6' <Predicate = true> <Delay = 0.00>
ST_1 : Operation 43 [1/1] (2.13ns)   --->   "%icmp_ln1494_7 = icmp sgt i16 %data_7_V_read_1, 0" [firmware/nnet_utils/nnet_activation.h:81]   --->   Operation 43 'icmp' 'icmp_ln1494_7' <Predicate = true> <Delay = 2.13> <Core = "Cmp">   --->   Core 25 'Cmp' <Latency = 0> <II = 1> <Delay = 2.13> <FuncUnit> <Opcode : 'icmp'> <InPorts = 2> <OutPorts = 1>
ST_1 : Operation 44 [1/1] (0.00ns)   --->   "%trunc_ln81_7 = trunc i16 %data_7_V_read_1 to i15" [firmware/nnet_utils/nnet_activation.h:81]   --->   Operation 44 'trunc' 'trunc_ln81_7' <Predicate = (icmp_ln1494_7)> <Delay = 0.00>
ST_1 : Operation 45 [1/1] (0.60ns)   --->   "%select_ln81_7 = select i1 %icmp_ln1494_7, i15 %trunc_ln81_7, i15 0" [firmware/nnet_utils/nnet_activation.h:81]   --->   Operation 45 'select' 'select_ln81_7' <Predicate = true> <Delay = 0.60> <Core = "Sel">   --->   Core 26 'Sel' <Latency = 0> <II = 1> <Delay = 0.60> <FuncUnit> <Opcode : 'select'> <InPorts = 3> <OutPorts = 1>
ST_1 : Operation 46 [1/1] (0.00ns)   --->   "%zext_ln81_7 = zext i15 %select_ln81_7 to i16" [firmware/nnet_utils/nnet_activation.h:81]   --->   Operation 46 'zext' 'zext_ln81_7' <Predicate = true> <Delay = 0.00>
ST_1 : Operation 47 [1/1] (2.13ns)   --->   "%icmp_ln1494_8 = icmp sgt i16 %data_8_V_read_1, 0" [firmware/nnet_utils/nnet_activation.h:81]   --->   Operation 47 'icmp' 'icmp_ln1494_8' <Predicate = true> <Delay = 2.13> <Core = "Cmp">   --->   Core 25 'Cmp' <Latency = 0> <II = 1> <Delay = 2.13> <FuncUnit> <Opcode : 'icmp'> <InPorts = 2> <OutPorts = 1>
ST_1 : Operation 48 [1/1] (0.00ns)   --->   "%trunc_ln81_8 = trunc i16 %data_8_V_read_1 to i15" [firmware/nnet_utils/nnet_activation.h:81]   --->   Operation 48 'trunc' 'trunc_ln81_8' <Predicate = (icmp_ln1494_8)> <Delay = 0.00>
ST_1 : Operation 49 [1/1] (0.60ns)   --->   "%select_ln81_8 = select i1 %icmp_ln1494_8, i15 %trunc_ln81_8, i15 0" [firmware/nnet_utils/nnet_activation.h:81]   --->   Operation 49 'select' 'select_ln81_8' <Predicate = true> <Delay = 0.60> <Core = "Sel">   --->   Core 26 'Sel' <Latency = 0> <II = 1> <Delay = 0.60> <FuncUnit> <Opcode : 'select'> <InPorts = 3> <OutPorts = 1>
ST_1 : Operation 50 [1/1] (0.00ns)   --->   "%zext_ln81_8 = zext i15 %select_ln81_8 to i16" [firmware/nnet_utils/nnet_activation.h:81]   --->   Operation 50 'zext' 'zext_ln81_8' <Predicate = true> <Delay = 0.00>
ST_1 : Operation 51 [1/1] (2.13ns)   --->   "%icmp_ln1494_9 = icmp sgt i16 %data_9_V_read_1, 0" [firmware/nnet_utils/nnet_activation.h:81]   --->   Operation 51 'icmp' 'icmp_ln1494_9' <Predicate = true> <Delay = 2.13> <Core = "Cmp">   --->   Core 25 'Cmp' <Latency = 0> <II = 1> <Delay = 2.13> <FuncUnit> <Opcode : 'icmp'> <InPorts = 2> <OutPorts = 1>
ST_1 : Operation 52 [1/1] (0.00ns)   --->   "%trunc_ln81_9 = trunc i16 %data_9_V_read_1 to i15" [firmware/nnet_utils/nnet_activation.h:81]   --->   Operation 52 'trunc' 'trunc_ln81_9' <Predicate = (icmp_ln1494_9)> <Delay = 0.00>
ST_1 : Operation 53 [1/1] (0.60ns)   --->   "%select_ln81_9 = select i1 %icmp_ln1494_9, i15 %trunc_ln81_9, i15 0" [firmware/nnet_utils/nnet_activation.h:81]   --->   Operation 53 'select' 'select_ln81_9' <Predicate = true> <Delay = 0.60> <Core = "Sel">   --->   Core 26 'Sel' <Latency = 0> <II = 1> <Delay = 0.60> <FuncUnit> <Opcode : 'select'> <InPorts = 3> <OutPorts = 1>
ST_1 : Operation 54 [1/1] (0.00ns)   --->   "%zext_ln81_9 = zext i15 %select_ln81_9 to i16" [firmware/nnet_utils/nnet_activation.h:81]   --->   Operation 54 'zext' 'zext_ln81_9' <Predicate = true> <Delay = 0.00>
ST_1 : Operation 55 [1/1] (0.00ns)   --->   "%mrv = insertvalue { i16, i16, i16, i16, i16, i16, i16, i16, i16, i16 } undef, i16 %zext_ln81, 0" [firmware/nnet_utils/nnet_activation.h:84]   --->   Operation 55 'insertvalue' 'mrv' <Predicate = true> <Delay = 0.00>
ST_1 : Operation 56 [1/1] (0.00ns)   --->   "%mrv_1 = insertvalue { i16, i16, i16, i16, i16, i16, i16, i16, i16, i16 } %mrv, i16 %zext_ln81_1, 1" [firmware/nnet_utils/nnet_activation.h:84]   --->   Operation 56 'insertvalue' 'mrv_1' <Predicate = true> <Delay = 0.00>
ST_1 : Operation 57 [1/1] (0.00ns)   --->   "%mrv_2 = insertvalue { i16, i16, i16, i16, i16, i16, i16, i16, i16, i16 } %mrv_1, i16 %zext_ln81_2, 2" [firmware/nnet_utils/nnet_activation.h:84]   --->   Operation 57 'insertvalue' 'mrv_2' <Predicate = true> <Delay = 0.00>
ST_1 : Operation 58 [1/1] (0.00ns)   --->   "%mrv_3 = insertvalue { i16, i16, i16, i16, i16, i16, i16, i16, i16, i16 } %mrv_2, i16 %zext_ln81_3, 3" [firmware/nnet_utils/nnet_activation.h:84]   --->   Operation 58 'insertvalue' 'mrv_3' <Predicate = true> <Delay = 0.00>
ST_1 : Operation 59 [1/1] (0.00ns)   --->   "%mrv_4 = insertvalue { i16, i16, i16, i16, i16, i16, i16, i16, i16, i16 } %mrv_3, i16 %zext_ln81_4, 4" [firmware/nnet_utils/nnet_activation.h:84]   --->   Operation 59 'insertvalue' 'mrv_4' <Predicate = true> <Delay = 0.00>
ST_1 : Operation 60 [1/1] (0.00ns)   --->   "%mrv_5 = insertvalue { i16, i16, i16, i16, i16, i16, i16, i16, i16, i16 } %mrv_4, i16 %zext_ln81_5, 5" [firmware/nnet_utils/nnet_activation.h:84]   --->   Operation 60 'insertvalue' 'mrv_5' <Predicate = true> <Delay = 0.00>
ST_1 : Operation 61 [1/1] (0.00ns)   --->   "%mrv_6 = insertvalue { i16, i16, i16, i16, i16, i16, i16, i16, i16, i16 } %mrv_5, i16 %zext_ln81_6, 6" [firmware/nnet_utils/nnet_activation.h:84]   --->   Operation 61 'insertvalue' 'mrv_6' <Predicate = true> <Delay = 0.00>
ST_1 : Operation 62 [1/1] (0.00ns)   --->   "%mrv_7 = insertvalue { i16, i16, i16, i16, i16, i16, i16, i16, i16, i16 } %mrv_6, i16 %zext_ln81_7, 7" [firmware/nnet_utils/nnet_activation.h:84]   --->   Operation 62 'insertvalue' 'mrv_7' <Predicate = true> <Delay = 0.00>
ST_1 : Operation 63 [1/1] (0.00ns)   --->   "%mrv_8 = insertvalue { i16, i16, i16, i16, i16, i16, i16, i16, i16, i16 } %mrv_7, i16 %zext_ln81_8, 8" [firmware/nnet_utils/nnet_activation.h:84]   --->   Operation 63 'insertvalue' 'mrv_8' <Predicate = true> <Delay = 0.00>
ST_1 : Operation 64 [1/1] (0.00ns)   --->   "%mrv_9 = insertvalue { i16, i16, i16, i16, i16, i16, i16, i16, i16, i16 } %mrv_8, i16 %zext_ln81_9, 9" [firmware/nnet_utils/nnet_activation.h:84]   --->   Operation 64 'insertvalue' 'mrv_9' <Predicate = true> <Delay = 0.00>
ST_1 : Operation 65 [1/1] (0.00ns)   --->   "ret { i16, i16, i16, i16, i16, i16, i16, i16, i16, i16 } %mrv_9" [firmware/nnet_utils/nnet_activation.h:84]   --->   Operation 65 'ret' <Predicate = true> <Delay = 0.00>


============================================================
+ Verbose Summary: Binding
============================================================
STG Binding: 
---------------- STG Properties BEGIN ----------------
- Is combinational: 1
- Is one-state seq: 0
- Is datapath-only: 0
- Is pipelined: 1
- Is top level: 0
Port [ Return ] is wired: 1; IO mode=ap_ctrl_hs:ce=0
Port [ data_0_V_read]:  wired=1; compound=0; hidden=0; nouse=0; global=0; static=0; extern=0; dir=0; type=0; pingpong=0; private_global=0; IO mode=ap_none:ce=0
Port [ data_1_V_read]:  wired=1; compound=0; hidden=0; nouse=0; global=0; static=0; extern=0; dir=0; type=0; pingpong=0; private_global=0; IO mode=ap_none:ce=0
Port [ data_2_V_read]:  wired=1; compound=0; hidden=0; nouse=0; global=0; static=0; extern=0; dir=0; type=0; pingpong=0; private_global=0; IO mode=ap_none:ce=0
Port [ data_3_V_read]:  wired=1; compound=0; hidden=0; nouse=0; global=0; static=0; extern=0; dir=0; type=0; pingpong=0; private_global=0; IO mode=ap_none:ce=0
Port [ data_4_V_read]:  wired=1; compound=0; hidden=0; nouse=0; global=0; static=0; extern=0; dir=0; type=0; pingpong=0; private_global=0; IO mode=ap_none:ce=0
Port [ data_5_V_read]:  wired=1; compound=0; hidden=0; nouse=0; global=0; static=0; extern=0; dir=0; type=0; pingpong=0; private_global=0; IO mode=ap_none:ce=0
Port [ data_6_V_read]:  wired=1; compound=0; hidden=0; nouse=0; global=0; static=0; extern=0; dir=0; type=0; pingpong=0; private_global=0; IO mode=ap_none:ce=0
Port [ data_7_V_read]:  wired=1; compound=0; hidden=0; nouse=0; global=0; static=0; extern=0; dir=0; type=0; pingpong=0; private_global=0; IO mode=ap_none:ce=0
Port [ data_8_V_read]:  wired=1; compound=0; hidden=0; nouse=0; global=0; static=0; extern=0; dir=0; type=0; pingpong=0; private_global=0; IO mode=ap_none:ce=0
Port [ data_9_V_read]:  wired=1; compound=0; hidden=0; nouse=0; global=0; static=0; extern=0; dir=0; type=0; pingpong=0; private_global=0; IO mode=ap_none:ce=0
---------------- STG Properties END ------------------

---------------- Datapath Model BEGIN ----------------

<LifeTime>
<method=bitvector/>
data_9_V_read_1   (read           ) [ 00]
data_8_V_read_1   (read           ) [ 00]
data_7_V_read_1   (read           ) [ 00]
data_6_V_read_1   (read           ) [ 00]
data_5_V_read_1   (read           ) [ 00]
data_4_V_read_1   (read           ) [ 00]
data_3_V_read_1   (read           ) [ 00]
data_2_V_read_1   (read           ) [ 00]
data_1_V_read_1   (read           ) [ 00]
data_0_V_read_1   (read           ) [ 00]
tmp               (specregionbegin) [ 00]
specpipeline_ln72 (specpipeline   ) [ 00]
empty             (specregionend  ) [ 00]
icmp_ln1494       (icmp           ) [ 01]
trunc_ln81        (trunc          ) [ 00]
select_ln81       (select         ) [ 00]
zext_ln81         (zext           ) [ 00]
icmp_ln1494_1     (icmp           ) [ 01]
trunc_ln81_1      (trunc          ) [ 00]
select_ln81_1     (select         ) [ 00]
zext_ln81_1       (zext           ) [ 00]
icmp_ln1494_2     (icmp           ) [ 01]
trunc_ln81_2      (trunc          ) [ 00]
select_ln81_2     (select         ) [ 00]
zext_ln81_2       (zext           ) [ 00]
icmp_ln1494_3     (icmp           ) [ 01]
trunc_ln81_3      (trunc          ) [ 00]
select_ln81_3     (select         ) [ 00]
zext_ln81_3       (zext           ) [ 00]
icmp_ln1494_4     (icmp           ) [ 01]
trunc_ln81_4      (trunc          ) [ 00]
select_ln81_4     (select         ) [ 00]
zext_ln81_4       (zext           ) [ 00]
icmp_ln1494_5     (icmp           ) [ 01]
trunc_ln81_5      (trunc          ) [ 00]
select_ln81_5     (select         ) [ 00]
zext_ln81_5       (zext           ) [ 00]
icmp_ln1494_6     (icmp           ) [ 01]
trunc_ln81_6      (trunc          ) [ 00]
select_ln81_6     (select         ) [ 00]
zext_ln81_6       (zext           ) [ 00]
icmp_ln1494_7     (icmp           ) [ 01]
trunc_ln81_7      (trunc          ) [ 00]
select_ln81_7     (select         ) [ 00]
zext_ln81_7       (zext           ) [ 00]
icmp_ln1494_8     (icmp           ) [ 01]
trunc_ln81_8      (trunc          ) [ 00]
select_ln81_8     (select         ) [ 00]
zext_ln81_8       (zext           ) [ 00]
icmp_ln1494_9     (icmp           ) [ 01]
trunc_ln81_9      (trunc          ) [ 00]
select_ln81_9     (select         ) [ 00]
zext_ln81_9       (zext           ) [ 00]
mrv               (insertvalue    ) [ 00]
mrv_1             (insertvalue    ) [ 00]
mrv_2             (insertvalue    ) [ 00]
mrv_3             (insertvalue    ) [ 00]
mrv_4             (insertvalue    ) [ 00]
mrv_5             (insertvalue    ) [ 00]
mrv_6             (insertvalue    ) [ 00]
mrv_7             (insertvalue    ) [ 00]
mrv_8             (insertvalue    ) [ 00]
mrv_9             (insertvalue    ) [ 00]
ret_ln84          (ret            ) [ 00]
</LifeTime>

<model>

<comp_list>
<comp id="0" class="1000" name="data_0_V_read">
<pin_list>
<pin id="1" dir="1" index="0" bw="1" slack="0"/>
</pin_list>
<bind>
<StgValue><ssdm name="data_0_V_read"/></StgValue>
</bind>
</comp>

<comp id="2" class="1000" name="data_1_V_read">
<pin_list>
<pin id="3" dir="1" index="0" bw="1" slack="0"/>
</pin_list>
<bind>
<StgValue><ssdm name="data_1_V_read"/></StgValue>
</bind>
</comp>

<comp id="4" class="1000" name="data_2_V_read">
<pin_list>
<pin id="5" dir="1" index="0" bw="1" slack="0"/>
</pin_list>
<bind>
<StgValue><ssdm name="data_2_V_read"/></StgValue>
</bind>
</comp>

<comp id="6" class="1000" name="data_3_V_read">
<pin_list>
<pin id="7" dir="1" index="0" bw="1" slack="0"/>
</pin_list>
<bind>
<StgValue><ssdm name="data_3_V_read"/></StgValue>
</bind>
</comp>

<comp id="8" class="1000" name="data_4_V_read">
<pin_list>
<pin id="9" dir="1" index="0" bw="1" slack="0"/>
</pin_list>
<bind>
<StgValue><ssdm name="data_4_V_read"/></StgValue>
</bind>
</comp>

<comp id="10" class="1000" name="data_5_V_read">
<pin_list>
<pin id="11" dir="1" index="0" bw="1" slack="0"/>
</pin_list>
<bind>
<StgValue><ssdm name="data_5_V_read"/></StgValue>
</bind>
</comp>

<comp id="12" class="1000" name="data_6_V_read">
<pin_list>
<pin id="13" dir="1" index="0" bw="1" slack="0"/>
</pin_list>
<bind>
<StgValue><ssdm name="data_6_V_read"/></StgValue>
</bind>
</comp>

<comp id="14" class="1000" name="data_7_V_read">
<pin_list>
<pin id="15" dir="1" index="0" bw="1" slack="0"/>
</pin_list>
<bind>
<StgValue><ssdm name="data_7_V_read"/></StgValue>
</bind>
</comp>

<comp id="16" class="1000" name="data_8_V_read">
<pin_list>
<pin id="17" dir="1" index="0" bw="1" slack="0"/>
</pin_list>
<bind>
<StgValue><ssdm name="data_8_V_read"/></StgValue>
</bind>
</comp>

<comp id="18" class="1000" name="data_9_V_read">
<pin_list>
<pin id="19" dir="1" index="0" bw="1" slack="0"/>
</pin_list>
<bind>
<StgValue><ssdm name="data_9_V_read"/></StgValue>
</bind>
</comp>

<comp id="20" class="1001" name="const_20">
<pin_list>
<pin id="21" dir="1" index="0" bw="1" slack="0"/>
</pin_list>
<bind>
<StgValue><ssdm name="_ssdm_op_Read.ap_auto.i16"/></StgValue>
</bind>
</comp>

<comp id="22" class="1001" name="const_22">
<pin_list>
<pin id="23" dir="1" index="0" bw="1" slack="2147483647"/>
</pin_list>
<bind>
<StgValue><ssdm name="_ssdm_op_SpecRegionBegin"/></StgValue>
</bind>
</comp>

<comp id="24" class="1001" name="const_24">
<pin_list>
<pin id="25" dir="1" index="0" bw="1" slack="2147483647"/>
</pin_list>
<bind>
<StgValue><ssdm name="p_str15"/></StgValue>
</bind>
</comp>

<comp id="26" class="1001" name="const_26">
<pin_list>
<pin id="27" dir="1" index="0" bw="1" slack="2147483647"/>
</pin_list>
<bind>
<StgValue><ssdm name="_ssdm_op_SpecPipeline"/></StgValue>
</bind>
</comp>

<comp id="28" class="1001" name="const_28">
<pin_list>
<pin id="29" dir="1" index="0" bw="1" slack="2147483647"/>
</pin_list>
<bind>
<StgValue><ssdm name=""/></StgValue>
</bind>
</comp>

<comp id="30" class="1001" name="const_30">
<pin_list>
<pin id="31" dir="1" index="0" bw="1" slack="2147483647"/>
</pin_list>
<bind>
<StgValue><ssdm name=""/></StgValue>
</bind>
</comp>

<comp id="32" class="1001" name="const_32">
<pin_list>
<pin id="33" dir="1" index="0" bw="1" slack="2147483647"/>
</pin_list>
<bind>
<StgValue><ssdm name=""/></StgValue>
</bind>
</comp>

<comp id="34" class="1001" name="const_34">
<pin_list>
<pin id="35" dir="1" index="0" bw="1" slack="2147483647"/>
</pin_list>
<bind>
<StgValue><ssdm name="p_str5"/></StgValue>
</bind>
</comp>

<comp id="36" class="1001" name="const_36">
<pin_list>
<pin id="37" dir="1" index="0" bw="1" slack="2147483647"/>
</pin_list>
<bind>
<StgValue><ssdm name="_ssdm_op_SpecRegionEnd"/></StgValue>
</bind>
</comp>

<comp id="38" class="1001" name="const_38">
<pin_list>
<pin id="39" dir="1" index="0" bw="1" slack="0"/>
</pin_list>
<bind>
<StgValue><ssdm name=""/></StgValue>
</bind>
</comp>

<comp id="40" class="1001" name="const_40">
<pin_list>
<pin id="41" dir="1" index="0" bw="1" slack="0"/>
</pin_list>
<bind>
<StgValue><ssdm name=""/></StgValue>
</bind>
</comp>

<comp id="42" class="1001" name="const_42">
<pin_list>
<pin id="43" dir="1" index="0" bw="1" slack="0"/>
</pin_list>
<bind>
<StgValue><ssdm name=""/></StgValue>
</bind>
</comp>

<comp id="44" class="1004" name="data_9_V_read_1_read_fu_44">
<pin_list>
<pin id="45" dir="0" index="0" bw="16" slack="0"/>
<pin id="46" dir="0" index="1" bw="16" slack="0"/>
<pin id="47" dir="1" index="2" bw="16" slack="0"/>
</pin_list>
<bind>
<opcode="read(1150) " fcode="read"/>
<opset="data_9_V_read_1/1 "/>
</bind>
</comp>

<comp id="50" class="1004" name="data_8_V_read_1_read_fu_50">
<pin_list>
<pin id="51" dir="0" index="0" bw="16" slack="0"/>
<pin id="52" dir="0" index="1" bw="16" slack="0"/>
<pin id="53" dir="1" index="2" bw="16" slack="0"/>
</pin_list>
<bind>
<opcode="read(1150) " fcode="read"/>
<opset="data_8_V_read_1/1 "/>
</bind>
</comp>

<comp id="56" class="1004" name="data_7_V_read_1_read_fu_56">
<pin_list>
<pin id="57" dir="0" index="0" bw="16" slack="0"/>
<pin id="58" dir="0" index="1" bw="16" slack="0"/>
<pin id="59" dir="1" index="2" bw="16" slack="0"/>
</pin_list>
<bind>
<opcode="read(1150) " fcode="read"/>
<opset="data_7_V_read_1/1 "/>
</bind>
</comp>

<comp id="62" class="1004" name="data_6_V_read_1_read_fu_62">
<pin_list>
<pin id="63" dir="0" index="0" bw="16" slack="0"/>
<pin id="64" dir="0" index="1" bw="16" slack="0"/>
<pin id="65" dir="1" index="2" bw="16" slack="0"/>
</pin_list>
<bind>
<opcode="read(1150) " fcode="read"/>
<opset="data_6_V_read_1/1 "/>
</bind>
</comp>

<comp id="68" class="1004" name="data_5_V_read_1_read_fu_68">
<pin_list>
<pin id="69" dir="0" index="0" bw="16" slack="0"/>
<pin id="70" dir="0" index="1" bw="16" slack="0"/>
<pin id="71" dir="1" index="2" bw="16" slack="0"/>
</pin_list>
<bind>
<opcode="read(1150) " fcode="read"/>
<opset="data_5_V_read_1/1 "/>
</bind>
</comp>

<comp id="74" class="1004" name="data_4_V_read_1_read_fu_74">
<pin_list>
<pin id="75" dir="0" index="0" bw="16" slack="0"/>
<pin id="76" dir="0" index="1" bw="16" slack="0"/>
<pin id="77" dir="1" index="2" bw="16" slack="0"/>
</pin_list>
<bind>
<opcode="read(1150) " fcode="read"/>
<opset="data_4_V_read_1/1 "/>
</bind>
</comp>

<comp id="80" class="1004" name="data_3_V_read_1_read_fu_80">
<pin_list>
<pin id="81" dir="0" index="0" bw="16" slack="0"/>
<pin id="82" dir="0" index="1" bw="16" slack="0"/>
<pin id="83" dir="1" index="2" bw="16" slack="0"/>
</pin_list>
<bind>
<opcode="read(1150) " fcode="read"/>
<opset="data_3_V_read_1/1 "/>
</bind>
</comp>

<comp id="86" class="1004" name="data_2_V_read_1_read_fu_86">
<pin_list>
<pin id="87" dir="0" index="0" bw="16" slack="0"/>
<pin id="88" dir="0" index="1" bw="16" slack="0"/>
<pin id="89" dir="1" index="2" bw="16" slack="0"/>
</pin_list>
<bind>
<opcode="read(1150) " fcode="read"/>
<opset="data_2_V_read_1/1 "/>
</bind>
</comp>

<comp id="92" class="1004" name="data_1_V_read_1_read_fu_92">
<pin_list>
<pin id="93" dir="0" index="0" bw="16" slack="0"/>
<pin id="94" dir="0" index="1" bw="16" slack="0"/>
<pin id="95" dir="1" index="2" bw="16" slack="0"/>
</pin_list>
<bind>
<opcode="read(1150) " fcode="read"/>
<opset="data_1_V_read_1/1 "/>
</bind>
</comp>

<comp id="98" class="1004" name="data_0_V_read_1_read_fu_98">
<pin_list>
<pin id="99" dir="0" index="0" bw="16" slack="0"/>
<pin id="100" dir="0" index="1" bw="16" slack="0"/>
<pin id="101" dir="1" index="2" bw="16" slack="0"/>
</pin_list>
<bind>
<opcode="read(1150) " fcode="read"/>
<opset="data_0_V_read_1/1 "/>
</bind>
</comp>

<comp id="104" class="1004" name="icmp_ln1494_fu_104">
<pin_list>
<pin id="105" dir="0" index="0" bw="16" slack="0"/>
<pin id="106" dir="0" index="1" bw="16" slack="0"/>
<pin id="107" dir="1" index="2" bw="1" slack="0"/>
</pin_list>
<bind>
<opcode="icmp(45) " fcode="icmp"/>
<opset="icmp_ln1494/1 "/>
</bind>
</comp>

<comp id="110" class="1004" name="trunc_ln81_fu_110">
<pin_list>
<pin id="111" dir="0" index="0" bw="16" slack="0"/>
<pin id="112" dir="1" index="1" bw="15" slack="0"/>
</pin_list>
<bind>
<opcode="trunc(33) " fcode="trunc"/>
<opset="trunc_ln81/1 "/>
</bind>
</comp>

<comp id="114" class="1004" name="select_ln81_fu_114">
<pin_list>
<pin id="115" dir="0" index="0" bw="1" slack="0"/>
<pin id="116" dir="0" index="1" bw="15" slack="0"/>
<pin id="117" dir="0" index="2" bw="15" slack="0"/>
<pin id="118" dir="1" index="3" bw="15" slack="0"/>
</pin_list>
<bind>
<opcode="select(49) " fcode="select"/>
<opset="select_ln81/1 "/>
</bind>
</comp>

<comp id="122" class="1004" name="zext_ln81_fu_122">
<pin_list>
<pin id="123" dir="0" index="0" bw="15" slack="0"/>
<pin id="124" dir="1" index="1" bw="16" slack="0"/>
</pin_list>
<bind>
<opcode="zext(34) " fcode="zext"/>
<opset="zext_ln81/1 "/>
</bind>
</comp>

<comp id="126" class="1004" name="icmp_ln1494_1_fu_126">
<pin_list>
<pin id="127" dir="0" index="0" bw="16" slack="0"/>
<pin id="128" dir="0" index="1" bw="16" slack="0"/>
<pin id="129" dir="1" index="2" bw="1" slack="0"/>
</pin_list>
<bind>
<opcode="icmp(45) " fcode="icmp"/>
<opset="icmp_ln1494_1/1 "/>
</bind>
</comp>

<comp id="132" class="1004" name="trunc_ln81_1_fu_132">
<pin_list>
<pin id="133" dir="0" index="0" bw="16" slack="0"/>
<pin id="134" dir="1" index="1" bw="15" slack="0"/>
</pin_list>
<bind>
<opcode="trunc(33) " fcode="trunc"/>
<opset="trunc_ln81_1/1 "/>
</bind>
</comp>

<comp id="136" class="1004" name="select_ln81_1_fu_136">
<pin_list>
<pin id="137" dir="0" index="0" bw="1" slack="0"/>
<pin id="138" dir="0" index="1" bw="15" slack="0"/>
<pin id="139" dir="0" index="2" bw="15" slack="0"/>
<pin id="140" dir="1" index="3" bw="15" slack="0"/>
</pin_list>
<bind>
<opcode="select(49) " fcode="select"/>
<opset="select_ln81_1/1 "/>
</bind>
</comp>

<comp id="144" class="1004" name="zext_ln81_1_fu_144">
<pin_list>
<pin id="145" dir="0" index="0" bw="15" slack="0"/>
<pin id="146" dir="1" index="1" bw="16" slack="0"/>
</pin_list>
<bind>
<opcode="zext(34) " fcode="zext"/>
<opset="zext_ln81_1/1 "/>
</bind>
</comp>

<comp id="148" class="1004" name="icmp_ln1494_2_fu_148">
<pin_list>
<pin id="149" dir="0" index="0" bw="16" slack="0"/>
<pin id="150" dir="0" index="1" bw="16" slack="0"/>
<pin id="151" dir="1" index="2" bw="1" slack="0"/>
</pin_list>
<bind>
<opcode="icmp(45) " fcode="icmp"/>
<opset="icmp_ln1494_2/1 "/>
</bind>
</comp>

<comp id="154" class="1004" name="trunc_ln81_2_fu_154">
<pin_list>
<pin id="155" dir="0" index="0" bw="16" slack="0"/>
<pin id="156" dir="1" index="1" bw="15" slack="0"/>
</pin_list>
<bind>
<opcode="trunc(33) " fcode="trunc"/>
<opset="trunc_ln81_2/1 "/>
</bind>
</comp>

<comp id="158" class="1004" name="select_ln81_2_fu_158">
<pin_list>
<pin id="159" dir="0" index="0" bw="1" slack="0"/>
<pin id="160" dir="0" index="1" bw="15" slack="0"/>
<pin id="161" dir="0" index="2" bw="15" slack="0"/>
<pin id="162" dir="1" index="3" bw="15" slack="0"/>
</pin_list>
<bind>
<opcode="select(49) " fcode="select"/>
<opset="select_ln81_2/1 "/>
</bind>
</comp>

<comp id="166" class="1004" name="zext_ln81_2_fu_166">
<pin_list>
<pin id="167" dir="0" index="0" bw="15" slack="0"/>
<pin id="168" dir="1" index="1" bw="16" slack="0"/>
</pin_list>
<bind>
<opcode="zext(34) " fcode="zext"/>
<opset="zext_ln81_2/1 "/>
</bind>
</comp>

<comp id="170" class="1004" name="icmp_ln1494_3_fu_170">
<pin_list>
<pin id="171" dir="0" index="0" bw="16" slack="0"/>
<pin id="172" dir="0" index="1" bw="16" slack="0"/>
<pin id="173" dir="1" index="2" bw="1" slack="0"/>
</pin_list>
<bind>
<opcode="icmp(45) " fcode="icmp"/>
<opset="icmp_ln1494_3/1 "/>
</bind>
</comp>

<comp id="176" class="1004" name="trunc_ln81_3_fu_176">
<pin_list>
<pin id="177" dir="0" index="0" bw="16" slack="0"/>
<pin id="178" dir="1" index="1" bw="15" slack="0"/>
</pin_list>
<bind>
<opcode="trunc(33) " fcode="trunc"/>
<opset="trunc_ln81_3/1 "/>
</bind>
</comp>

<comp id="180" class="1004" name="select_ln81_3_fu_180">
<pin_list>
<pin id="181" dir="0" index="0" bw="1" slack="0"/>
<pin id="182" dir="0" index="1" bw="15" slack="0"/>
<pin id="183" dir="0" index="2" bw="15" slack="0"/>
<pin id="184" dir="1" index="3" bw="15" slack="0"/>
</pin_list>
<bind>
<opcode="select(49) " fcode="select"/>
<opset="select_ln81_3/1 "/>
</bind>
</comp>

<comp id="188" class="1004" name="zext_ln81_3_fu_188">
<pin_list>
<pin id="189" dir="0" index="0" bw="15" slack="0"/>
<pin id="190" dir="1" index="1" bw="16" slack="0"/>
</pin_list>
<bind>
<opcode="zext(34) " fcode="zext"/>
<opset="zext_ln81_3/1 "/>
</bind>
</comp>

<comp id="192" class="1004" name="icmp_ln1494_4_fu_192">
<pin_list>
<pin id="193" dir="0" index="0" bw="16" slack="0"/>
<pin id="194" dir="0" index="1" bw="16" slack="0"/>
<pin id="195" dir="1" index="2" bw="1" slack="0"/>
</pin_list>
<bind>
<opcode="icmp(45) " fcode="icmp"/>
<opset="icmp_ln1494_4/1 "/>
</bind>
</comp>

<comp id="198" class="1004" name="trunc_ln81_4_fu_198">
<pin_list>
<pin id="199" dir="0" index="0" bw="16" slack="0"/>
<pin id="200" dir="1" index="1" bw="15" slack="0"/>
</pin_list>
<bind>
<opcode="trunc(33) " fcode="trunc"/>
<opset="trunc_ln81_4/1 "/>
</bind>
</comp>

<comp id="202" class="1004" name="select_ln81_4_fu_202">
<pin_list>
<pin id="203" dir="0" index="0" bw="1" slack="0"/>
<pin id="204" dir="0" index="1" bw="15" slack="0"/>
<pin id="205" dir="0" index="2" bw="15" slack="0"/>
<pin id="206" dir="1" index="3" bw="15" slack="0"/>
</pin_list>
<bind>
<opcode="select(49) " fcode="select"/>
<opset="select_ln81_4/1 "/>
</bind>
</comp>

<comp id="210" class="1004" name="zext_ln81_4_fu_210">
<pin_list>
<pin id="211" dir="0" index="0" bw="15" slack="0"/>
<pin id="212" dir="1" index="1" bw="16" slack="0"/>
</pin_list>
<bind>
<opcode="zext(34) " fcode="zext"/>
<opset="zext_ln81_4/1 "/>
</bind>
</comp>

<comp id="214" class="1004" name="icmp_ln1494_5_fu_214">
<pin_list>
<pin id="215" dir="0" index="0" bw="16" slack="0"/>
<pin id="216" dir="0" index="1" bw="16" slack="0"/>
<pin id="217" dir="1" index="2" bw="1" slack="0"/>
</pin_list>
<bind>
<opcode="icmp(45) " fcode="icmp"/>
<opset="icmp_ln1494_5/1 "/>
</bind>
</comp>

<comp id="220" class="1004" name="trunc_ln81_5_fu_220">
<pin_list>
<pin id="221" dir="0" index="0" bw="16" slack="0"/>
<pin id="222" dir="1" index="1" bw="15" slack="0"/>
</pin_list>
<bind>
<opcode="trunc(33) " fcode="trunc"/>
<opset="trunc_ln81_5/1 "/>
</bind>
</comp>

<comp id="224" class="1004" name="select_ln81_5_fu_224">
<pin_list>
<pin id="225" dir="0" index="0" bw="1" slack="0"/>
<pin id="226" dir="0" index="1" bw="15" slack="0"/>
<pin id="227" dir="0" index="2" bw="15" slack="0"/>
<pin id="228" dir="1" index="3" bw="15" slack="0"/>
</pin_list>
<bind>
<opcode="select(49) " fcode="select"/>
<opset="select_ln81_5/1 "/>
</bind>
</comp>

<comp id="232" class="1004" name="zext_ln81_5_fu_232">
<pin_list>
<pin id="233" dir="0" index="0" bw="15" slack="0"/>
<pin id="234" dir="1" index="1" bw="16" slack="0"/>
</pin_list>
<bind>
<opcode="zext(34) " fcode="zext"/>
<opset="zext_ln81_5/1 "/>
</bind>
</comp>

<comp id="236" class="1004" name="icmp_ln1494_6_fu_236">
<pin_list>
<pin id="237" dir="0" index="0" bw="16" slack="0"/>
<pin id="238" dir="0" index="1" bw="16" slack="0"/>
<pin id="239" dir="1" index="2" bw="1" slack="0"/>
</pin_list>
<bind>
<opcode="icmp(45) " fcode="icmp"/>
<opset="icmp_ln1494_6/1 "/>
</bind>
</comp>

<comp id="242" class="1004" name="trunc_ln81_6_fu_242">
<pin_list>
<pin id="243" dir="0" index="0" bw="16" slack="0"/>
<pin id="244" dir="1" index="1" bw="15" slack="0"/>
</pin_list>
<bind>
<opcode="trunc(33) " fcode="trunc"/>
<opset="trunc_ln81_6/1 "/>
</bind>
</comp>

<comp id="246" class="1004" name="select_ln81_6_fu_246">
<pin_list>
<pin id="247" dir="0" index="0" bw="1" slack="0"/>
<pin id="248" dir="0" index="1" bw="15" slack="0"/>
<pin id="249" dir="0" index="2" bw="15" slack="0"/>
<pin id="250" dir="1" index="3" bw="15" slack="0"/>
</pin_list>
<bind>
<opcode="select(49) " fcode="select"/>
<opset="select_ln81_6/1 "/>
</bind>
</comp>

<comp id="254" class="1004" name="zext_ln81_6_fu_254">
<pin_list>
<pin id="255" dir="0" index="0" bw="15" slack="0"/>
<pin id="256" dir="1" index="1" bw="16" slack="0"/>
</pin_list>
<bind>
<opcode="zext(34) " fcode="zext"/>
<opset="zext_ln81_6/1 "/>
</bind>
</comp>

<comp id="258" class="1004" name="icmp_ln1494_7_fu_258">
<pin_list>
<pin id="259" dir="0" index="0" bw="16" slack="0"/>
<pin id="260" dir="0" index="1" bw="16" slack="0"/>
<pin id="261" dir="1" index="2" bw="1" slack="0"/>
</pin_list>
<bind>
<opcode="icmp(45) " fcode="icmp"/>
<opset="icmp_ln1494_7/1 "/>
</bind>
</comp>

<comp id="264" class="1004" name="trunc_ln81_7_fu_264">
<pin_list>
<pin id="265" dir="0" index="0" bw="16" slack="0"/>
<pin id="266" dir="1" index="1" bw="15" slack="0"/>
</pin_list>
<bind>
<opcode="trunc(33) " fcode="trunc"/>
<opset="trunc_ln81_7/1 "/>
</bind>
</comp>

<comp id="268" class="1004" name="select_ln81_7_fu_268">
<pin_list>
<pin id="269" dir="0" index="0" bw="1" slack="0"/>
<pin id="270" dir="0" index="1" bw="15" slack="0"/>
<pin id="271" dir="0" index="2" bw="15" slack="0"/>
<pin id="272" dir="1" index="3" bw="15" slack="0"/>
</pin_list>
<bind>
<opcode="select(49) " fcode="select"/>
<opset="select_ln81_7/1 "/>
</bind>
</comp>

<comp id="276" class="1004" name="zext_ln81_7_fu_276">
<pin_list>
<pin id="277" dir="0" index="0" bw="15" slack="0"/>
<pin id="278" dir="1" index="1" bw="16" slack="0"/>
</pin_list>
<bind>
<opcode="zext(34) " fcode="zext"/>
<opset="zext_ln81_7/1 "/>
</bind>
</comp>

<comp id="280" class="1004" name="icmp_ln1494_8_fu_280">
<pin_list>
<pin id="281" dir="0" index="0" bw="16" slack="0"/>
<pin id="282" dir="0" index="1" bw="16" slack="0"/>
<pin id="283" dir="1" index="2" bw="1" slack="0"/>
</pin_list>
<bind>
<opcode="icmp(45) " fcode="icmp"/>
<opset="icmp_ln1494_8/1 "/>
</bind>
</comp>

<comp id="286" class="1004" name="trunc_ln81_8_fu_286">
<pin_list>
<pin id="287" dir="0" index="0" bw="16" slack="0"/>
<pin id="288" dir="1" index="1" bw="15" slack="0"/>
</pin_list>
<bind>
<opcode="trunc(33) " fcode="trunc"/>
<opset="trunc_ln81_8/1 "/>
</bind>
</comp>

<comp id="290" class="1004" name="select_ln81_8_fu_290">
<pin_list>
<pin id="291" dir="0" index="0" bw="1" slack="0"/>
<pin id="292" dir="0" index="1" bw="15" slack="0"/>
<pin id="293" dir="0" index="2" bw="15" slack="0"/>
<pin id="294" dir="1" index="3" bw="15" slack="0"/>
</pin_list>
<bind>
<opcode="select(49) " fcode="select"/>
<opset="select_ln81_8/1 "/>
</bind>
</comp>

<comp id="298" class="1004" name="zext_ln81_8_fu_298">
<pin_list>
<pin id="299" dir="0" index="0" bw="15" slack="0"/>
<pin id="300" dir="1" index="1" bw="16" slack="0"/>
</pin_list>
<bind>
<opcode="zext(34) " fcode="zext"/>
<opset="zext_ln81_8/1 "/>
</bind>
</comp>

<comp id="302" class="1004" name="icmp_ln1494_9_fu_302">
<pin_list>
<pin id="303" dir="0" index="0" bw="16" slack="0"/>
<pin id="304" dir="0" index="1" bw="16" slack="0"/>
<pin id="305" dir="1" index="2" bw="1" slack="0"/>
</pin_list>
<bind>
<opcode="icmp(45) " fcode="icmp"/>
<opset="icmp_ln1494_9/1 "/>
</bind>
</comp>

<comp id="308" class="1004" name="trunc_ln81_9_fu_308">
<pin_list>
<pin id="309" dir="0" index="0" bw="16" slack="0"/>
<pin id="310" dir="1" index="1" bw="15" slack="0"/>
</pin_list>
<bind>
<opcode="trunc(33) " fcode="trunc"/>
<opset="trunc_ln81_9/1 "/>
</bind>
</comp>

<comp id="312" class="1004" name="select_ln81_9_fu_312">
<pin_list>
<pin id="313" dir="0" index="0" bw="1" slack="0"/>
<pin id="314" dir="0" index="1" bw="15" slack="0"/>
<pin id="315" dir="0" index="2" bw="15" slack="0"/>
<pin id="316" dir="1" index="3" bw="15" slack="0"/>
</pin_list>
<bind>
<opcode="select(49) " fcode="select"/>
<opset="select_ln81_9/1 "/>
</bind>
</comp>

<comp id="320" class="1004" name="zext_ln81_9_fu_320">
<pin_list>
<pin id="321" dir="0" index="0" bw="15" slack="0"/>
<pin id="322" dir="1" index="1" bw="16" slack="0"/>
</pin_list>
<bind>
<opcode="zext(34) " fcode="zext"/>
<opset="zext_ln81_9/1 "/>
</bind>
</comp>

<comp id="324" class="1004" name="mrv_fu_324">
<pin_list>
<pin id="325" dir="0" index="0" bw="160" slack="0"/>
<pin id="326" dir="0" index="1" bw="15" slack="0"/>
<pin id="327" dir="1" index="2" bw="160" slack="0"/>
</pin_list>
<bind>
<opcode="insertvalue(57) " fcode="insertvalue"/>
<opset="mrv/1 "/>
</bind>
</comp>

<comp id="330" class="1004" name="mrv_1_fu_330">
<pin_list>
<pin id="331" dir="0" index="0" bw="160" slack="0"/>
<pin id="332" dir="0" index="1" bw="15" slack="0"/>
<pin id="333" dir="1" index="2" bw="160" slack="0"/>
</pin_list>
<bind>
<opcode="insertvalue(57) " fcode="insertvalue"/>
<opset="mrv_1/1 "/>
</bind>
</comp>

<comp id="336" class="1004" name="mrv_2_fu_336">
<pin_list>
<pin id="337" dir="0" index="0" bw="160" slack="0"/>
<pin id="338" dir="0" index="1" bw="15" slack="0"/>
<pin id="339" dir="1" index="2" bw="160" slack="0"/>
</pin_list>
<bind>
<opcode="insertvalue(57) " fcode="insertvalue"/>
<opset="mrv_2/1 "/>
</bind>
</comp>

<comp id="342" class="1004" name="mrv_3_fu_342">
<pin_list>
<pin id="343" dir="0" index="0" bw="160" slack="0"/>
<pin id="344" dir="0" index="1" bw="15" slack="0"/>
<pin id="345" dir="1" index="2" bw="160" slack="0"/>
</pin_list>
<bind>
<opcode="insertvalue(57) " fcode="insertvalue"/>
<opset="mrv_3/1 "/>
</bind>
</comp>

<comp id="348" class="1004" name="mrv_4_fu_348">
<pin_list>
<pin id="349" dir="0" index="0" bw="160" slack="0"/>
<pin id="350" dir="0" index="1" bw="15" slack="0"/>
<pin id="351" dir="1" index="2" bw="160" slack="0"/>
</pin_list>
<bind>
<opcode="insertvalue(57) " fcode="insertvalue"/>
<opset="mrv_4/1 "/>
</bind>
</comp>

<comp id="354" class="1004" name="mrv_5_fu_354">
<pin_list>
<pin id="355" dir="0" index="0" bw="160" slack="0"/>
<pin id="356" dir="0" index="1" bw="15" slack="0"/>
<pin id="357" dir="1" index="2" bw="160" slack="0"/>
</pin_list>
<bind>
<opcode="insertvalue(57) " fcode="insertvalue"/>
<opset="mrv_5/1 "/>
</bind>
</comp>

<comp id="360" class="1004" name="mrv_6_fu_360">
<pin_list>
<pin id="361" dir="0" index="0" bw="160" slack="0"/>
<pin id="362" dir="0" index="1" bw="15" slack="0"/>
<pin id="363" dir="1" index="2" bw="160" slack="0"/>
</pin_list>
<bind>
<opcode="insertvalue(57) " fcode="insertvalue"/>
<opset="mrv_6/1 "/>
</bind>
</comp>

<comp id="366" class="1004" name="mrv_7_fu_366">
<pin_list>
<pin id="367" dir="0" index="0" bw="160" slack="0"/>
<pin id="368" dir="0" index="1" bw="15" slack="0"/>
<pin id="369" dir="1" index="2" bw="160" slack="0"/>
</pin_list>
<bind>
<opcode="insertvalue(57) " fcode="insertvalue"/>
<opset="mrv_7/1 "/>
</bind>
</comp>

<comp id="372" class="1004" name="mrv_8_fu_372">
<pin_list>
<pin id="373" dir="0" index="0" bw="160" slack="0"/>
<pin id="374" dir="0" index="1" bw="15" slack="0"/>
<pin id="375" dir="1" index="2" bw="160" slack="0"/>
</pin_list>
<bind>
<opcode="insertvalue(57) " fcode="insertvalue"/>
<opset="mrv_8/1 "/>
</bind>
</comp>

<comp id="378" class="1004" name="mrv_9_fu_378">
<pin_list>
<pin id="379" dir="0" index="0" bw="160" slack="0"/>
<pin id="380" dir="0" index="1" bw="15" slack="0"/>
<pin id="381" dir="1" index="2" bw="160" slack="2147483647"/>
</pin_list>
<bind>
<opcode="insertvalue(57) " fcode="insertvalue"/>
<opset="mrv_9/1 "/>
</bind>
</comp>

</comp_list>

<net_list>
<net id="48"><net_src comp="20" pin="0"/><net_sink comp="44" pin=0"/></net>

<net id="49"><net_src comp="18" pin="0"/><net_sink comp="44" pin=1"/></net>

<net id="54"><net_src comp="20" pin="0"/><net_sink comp="50" pin=0"/></net>

<net id="55"><net_src comp="16" pin="0"/><net_sink comp="50" pin=1"/></net>

<net id="60"><net_src comp="20" pin="0"/><net_sink comp="56" pin=0"/></net>

<net id="61"><net_src comp="14" pin="0"/><net_sink comp="56" pin=1"/></net>

<net id="66"><net_src comp="20" pin="0"/><net_sink comp="62" pin=0"/></net>

<net id="67"><net_src comp="12" pin="0"/><net_sink comp="62" pin=1"/></net>

<net id="72"><net_src comp="20" pin="0"/><net_sink comp="68" pin=0"/></net>

<net id="73"><net_src comp="10" pin="0"/><net_sink comp="68" pin=1"/></net>

<net id="78"><net_src comp="20" pin="0"/><net_sink comp="74" pin=0"/></net>

<net id="79"><net_src comp="8" pin="0"/><net_sink comp="74" pin=1"/></net>

<net id="84"><net_src comp="20" pin="0"/><net_sink comp="80" pin=0"/></net>

<net id="85"><net_src comp="6" pin="0"/><net_sink comp="80" pin=1"/></net>

<net id="90"><net_src comp="20" pin="0"/><net_sink comp="86" pin=0"/></net>

<net id="91"><net_src comp="4" pin="0"/><net_sink comp="86" pin=1"/></net>

<net id="96"><net_src comp="20" pin="0"/><net_sink comp="92" pin=0"/></net>

<net id="97"><net_src comp="2" pin="0"/><net_sink comp="92" pin=1"/></net>

<net id="102"><net_src comp="20" pin="0"/><net_sink comp="98" pin=0"/></net>

<net id="103"><net_src comp="0" pin="0"/><net_sink comp="98" pin=1"/></net>

<net id="108"><net_src comp="98" pin="2"/><net_sink comp="104" pin=0"/></net>

<net id="109"><net_src comp="38" pin="0"/><net_sink comp="104" pin=1"/></net>

<net id="113"><net_src comp="98" pin="2"/><net_sink comp="110" pin=0"/></net>

<net id="119"><net_src comp="104" pin="2"/><net_sink comp="114" pin=0"/></net>

<net id="120"><net_src comp="110" pin="1"/><net_sink comp="114" pin=1"/></net>

<net id="121"><net_src comp="40" pin="0"/><net_sink comp="114" pin=2"/></net>

<net id="125"><net_src comp="114" pin="3"/><net_sink comp="122" pin=0"/></net>

<net id="130"><net_src comp="92" pin="2"/><net_sink comp="126" pin=0"/></net>

<net id="131"><net_src comp="38" pin="0"/><net_sink comp="126" pin=1"/></net>

<net id="135"><net_src comp="92" pin="2"/><net_sink comp="132" pin=0"/></net>

<net id="141"><net_src comp="126" pin="2"/><net_sink comp="136" pin=0"/></net>

<net id="142"><net_src comp="132" pin="1"/><net_sink comp="136" pin=1"/></net>

<net id="143"><net_src comp="40" pin="0"/><net_sink comp="136" pin=2"/></net>

<net id="147"><net_src comp="136" pin="3"/><net_sink comp="144" pin=0"/></net>

<net id="152"><net_src comp="86" pin="2"/><net_sink comp="148" pin=0"/></net>

<net id="153"><net_src comp="38" pin="0"/><net_sink comp="148" pin=1"/></net>

<net id="157"><net_src comp="86" pin="2"/><net_sink comp="154" pin=0"/></net>

<net id="163"><net_src comp="148" pin="2"/><net_sink comp="158" pin=0"/></net>

<net id="164"><net_src comp="154" pin="1"/><net_sink comp="158" pin=1"/></net>

<net id="165"><net_src comp="40" pin="0"/><net_sink comp="158" pin=2"/></net>

<net id="169"><net_src comp="158" pin="3"/><net_sink comp="166" pin=0"/></net>

<net id="174"><net_src comp="80" pin="2"/><net_sink comp="170" pin=0"/></net>

<net id="175"><net_src comp="38" pin="0"/><net_sink comp="170" pin=1"/></net>

<net id="179"><net_src comp="80" pin="2"/><net_sink comp="176" pin=0"/></net>

<net id="185"><net_src comp="170" pin="2"/><net_sink comp="180" pin=0"/></net>

<net id="186"><net_src comp="176" pin="1"/><net_sink comp="180" pin=1"/></net>

<net id="187"><net_src comp="40" pin="0"/><net_sink comp="180" pin=2"/></net>

<net id="191"><net_src comp="180" pin="3"/><net_sink comp="188" pin=0"/></net>

<net id="196"><net_src comp="74" pin="2"/><net_sink comp="192" pin=0"/></net>

<net id="197"><net_src comp="38" pin="0"/><net_sink comp="192" pin=1"/></net>

<net id="201"><net_src comp="74" pin="2"/><net_sink comp="198" pin=0"/></net>

<net id="207"><net_src comp="192" pin="2"/><net_sink comp="202" pin=0"/></net>

<net id="208"><net_src comp="198" pin="1"/><net_sink comp="202" pin=1"/></net>

<net id="209"><net_src comp="40" pin="0"/><net_sink comp="202" pin=2"/></net>

<net id="213"><net_src comp="202" pin="3"/><net_sink comp="210" pin=0"/></net>

<net id="218"><net_src comp="68" pin="2"/><net_sink comp="214" pin=0"/></net>

<net id="219"><net_src comp="38" pin="0"/><net_sink comp="214" pin=1"/></net>

<net id="223"><net_src comp="68" pin="2"/><net_sink comp="220" pin=0"/></net>

<net id="229"><net_src comp="214" pin="2"/><net_sink comp="224" pin=0"/></net>

<net id="230"><net_src comp="220" pin="1"/><net_sink comp="224" pin=1"/></net>

<net id="231"><net_src comp="40" pin="0"/><net_sink comp="224" pin=2"/></net>

<net id="235"><net_src comp="224" pin="3"/><net_sink comp="232" pin=0"/></net>

<net id="240"><net_src comp="62" pin="2"/><net_sink comp="236" pin=0"/></net>

<net id="241"><net_src comp="38" pin="0"/><net_sink comp="236" pin=1"/></net>

<net id="245"><net_src comp="62" pin="2"/><net_sink comp="242" pin=0"/></net>

<net id="251"><net_src comp="236" pin="2"/><net_sink comp="246" pin=0"/></net>

<net id="252"><net_src comp="242" pin="1"/><net_sink comp="246" pin=1"/></net>

<net id="253"><net_src comp="40" pin="0"/><net_sink comp="246" pin=2"/></net>

<net id="257"><net_src comp="246" pin="3"/><net_sink comp="254" pin=0"/></net>

<net id="262"><net_src comp="56" pin="2"/><net_sink comp="258" pin=0"/></net>

<net id="263"><net_src comp="38" pin="0"/><net_sink comp="258" pin=1"/></net>

<net id="267"><net_src comp="56" pin="2"/><net_sink comp="264" pin=0"/></net>

<net id="273"><net_src comp="258" pin="2"/><net_sink comp="268" pin=0"/></net>

<net id="274"><net_src comp="264" pin="1"/><net_sink comp="268" pin=1"/></net>

<net id="275"><net_src comp="40" pin="0"/><net_sink comp="268" pin=2"/></net>

<net id="279"><net_src comp="268" pin="3"/><net_sink comp="276" pin=0"/></net>

<net id="284"><net_src comp="50" pin="2"/><net_sink comp="280" pin=0"/></net>

<net id="285"><net_src comp="38" pin="0"/><net_sink comp="280" pin=1"/></net>

<net id="289"><net_src comp="50" pin="2"/><net_sink comp="286" pin=0"/></net>

<net id="295"><net_src comp="280" pin="2"/><net_sink comp="290" pin=0"/></net>

<net id="296"><net_src comp="286" pin="1"/><net_sink comp="290" pin=1"/></net>

<net id="297"><net_src comp="40" pin="0"/><net_sink comp="290" pin=2"/></net>

<net id="301"><net_src comp="290" pin="3"/><net_sink comp="298" pin=0"/></net>

<net id="306"><net_src comp="44" pin="2"/><net_sink comp="302" pin=0"/></net>

<net id="307"><net_src comp="38" pin="0"/><net_sink comp="302" pin=1"/></net>

<net id="311"><net_src comp="44" pin="2"/><net_sink comp="308" pin=0"/></net>

<net id="317"><net_src comp="302" pin="2"/><net_sink comp="312" pin=0"/></net>

<net id="318"><net_src comp="308" pin="1"/><net_sink comp="312" pin=1"/></net>

<net id="319"><net_src comp="40" pin="0"/><net_sink comp="312" pin=2"/></net>

<net id="323"><net_src comp="312" pin="3"/><net_sink comp="320" pin=0"/></net>

<net id="328"><net_src comp="42" pin="0"/><net_sink comp="324" pin=0"/></net>

<net id="329"><net_src comp="122" pin="1"/><net_sink comp="324" pin=1"/></net>

<net id="334"><net_src comp="324" pin="2"/><net_sink comp="330" pin=0"/></net>

<net id="335"><net_src comp="144" pin="1"/><net_sink comp="330" pin=1"/></net>

<net id="340"><net_src comp="330" pin="2"/><net_sink comp="336" pin=0"/></net>

<net id="341"><net_src comp="166" pin="1"/><net_sink comp="336" pin=1"/></net>

<net id="346"><net_src comp="336" pin="2"/><net_sink comp="342" pin=0"/></net>

<net id="347"><net_src comp="188" pin="1"/><net_sink comp="342" pin=1"/></net>

<net id="352"><net_src comp="342" pin="2"/><net_sink comp="348" pin=0"/></net>

<net id="353"><net_src comp="210" pin="1"/><net_sink comp="348" pin=1"/></net>

<net id="358"><net_src comp="348" pin="2"/><net_sink comp="354" pin=0"/></net>

<net id="359"><net_src comp="232" pin="1"/><net_sink comp="354" pin=1"/></net>

<net id="364"><net_src comp="354" pin="2"/><net_sink comp="360" pin=0"/></net>

<net id="365"><net_src comp="254" pin="1"/><net_sink comp="360" pin=1"/></net>

<net id="370"><net_src comp="360" pin="2"/><net_sink comp="366" pin=0"/></net>

<net id="371"><net_src comp="276" pin="1"/><net_sink comp="366" pin=1"/></net>

<net id="376"><net_src comp="366" pin="2"/><net_sink comp="372" pin=0"/></net>

<net id="377"><net_src comp="298" pin="1"/><net_sink comp="372" pin=1"/></net>

<net id="382"><net_src comp="372" pin="2"/><net_sink comp="378" pin=0"/></net>

<net id="383"><net_src comp="320" pin="1"/><net_sink comp="378" pin=1"/></net>

</net_list>

</model> 
---------------- Datapath Model END ------------------

* FSMD analyzer results:
  - Output states:
 - Input state : 
	Port: relu<ap_fixed,ap_fixed<16,8,5,3,0>,ReLU_config3> : data_0_V_read | {1 }
	Port: relu<ap_fixed,ap_fixed<16,8,5,3,0>,ReLU_config3> : data_1_V_read | {1 }
	Port: relu<ap_fixed,ap_fixed<16,8,5,3,0>,ReLU_config3> : data_2_V_read | {1 }
	Port: relu<ap_fixed,ap_fixed<16,8,5,3,0>,ReLU_config3> : data_3_V_read | {1 }
	Port: relu<ap_fixed,ap_fixed<16,8,5,3,0>,ReLU_config3> : data_4_V_read | {1 }
	Port: relu<ap_fixed,ap_fixed<16,8,5,3,0>,ReLU_config3> : data_5_V_read | {1 }
	Port: relu<ap_fixed,ap_fixed<16,8,5,3,0>,ReLU_config3> : data_6_V_read | {1 }
	Port: relu<ap_fixed,ap_fixed<16,8,5,3,0>,ReLU_config3> : data_7_V_read | {1 }
	Port: relu<ap_fixed,ap_fixed<16,8,5,3,0>,ReLU_config3> : data_8_V_read | {1 }
	Port: relu<ap_fixed,ap_fixed<16,8,5,3,0>,ReLU_config3> : data_9_V_read | {1 }
  - Chain level:
	State 1
		empty : 1
		select_ln81 : 1
		zext_ln81 : 2
		select_ln81_1 : 1
		zext_ln81_1 : 2
		select_ln81_2 : 1
		zext_ln81_2 : 2
		select_ln81_3 : 1
		zext_ln81_3 : 2
		select_ln81_4 : 1
		zext_ln81_4 : 2
		select_ln81_5 : 1
		zext_ln81_5 : 2
		select_ln81_6 : 1
		zext_ln81_6 : 2
		select_ln81_7 : 1
		zext_ln81_7 : 2
		select_ln81_8 : 1
		zext_ln81_8 : 2
		select_ln81_9 : 1
		zext_ln81_9 : 2
		mrv : 3
		mrv_1 : 4
		mrv_2 : 5
		mrv_3 : 6
		mrv_4 : 7
		mrv_5 : 8
		mrv_6 : 9
		mrv_7 : 10
		mrv_8 : 11
		mrv_9 : 12
		ret_ln84 : 13


============================================================
+ Verbose Summary: Datapath Resource usage 
============================================================

* Functional unit list:
|----------|----------------------------|---------|---------|
| Operation|       Functional Unit      |    FF   |   LUT   |
|----------|----------------------------|---------|---------|
|          |     select_ln81_fu_114     |    0    |    15   |
|          |    select_ln81_1_fu_136    |    0    |    15   |
|          |    select_ln81_2_fu_158    |    0    |    15   |
|          |    select_ln81_3_fu_180    |    0    |    15   |
|  select  |    select_ln81_4_fu_202    |    0    |    15   |
|          |    select_ln81_5_fu_224    |    0    |    15   |
|          |    select_ln81_6_fu_246    |    0    |    15   |
|          |    select_ln81_7_fu_268    |    0    |    15   |
|          |    select_ln81_8_fu_290    |    0    |    15   |
|          |    select_ln81_9_fu_312    |    0    |    15   |
|----------|----------------------------|---------|---------|
|          |     icmp_ln1494_fu_104     |    0    |    7    |
|          |    icmp_ln1494_1_fu_126    |    0    |    7    |
|          |    icmp_ln1494_2_fu_148    |    0    |    7    |
|          |    icmp_ln1494_3_fu_170    |    0    |    7    |
|   icmp   |    icmp_ln1494_4_fu_192    |    0    |    7    |
|          |    icmp_ln1494_5_fu_214    |    0    |    7    |
|          |    icmp_ln1494_6_fu_236    |    0    |    7    |
|          |    icmp_ln1494_7_fu_258    |    0    |    7    |
|          |    icmp_ln1494_8_fu_280    |    0    |    7    |
|          |    icmp_ln1494_9_fu_302    |    0    |    7    |
|----------|----------------------------|---------|---------|
|          | data_9_V_read_1_read_fu_44 |    0    |    0    |
|          | data_8_V_read_1_read_fu_50 |    0    |    0    |
|          | data_7_V_read_1_read_fu_56 |    0    |    0    |
|          | data_6_V_read_1_read_fu_62 |    0    |    0    |
|   read   | data_5_V_read_1_read_fu_68 |    0    |    0    |
|          | data_4_V_read_1_read_fu_74 |    0    |    0    |
|          | data_3_V_read_1_read_fu_80 |    0    |    0    |
|          | data_2_V_read_1_read_fu_86 |    0    |    0    |
|          | data_1_V_read_1_read_fu_92 |    0    |    0    |
|          | data_0_V_read_1_read_fu_98 |    0    |    0    |
|----------|----------------------------|---------|---------|
|          |      trunc_ln81_fu_110     |    0    |    0    |
|          |     trunc_ln81_1_fu_132    |    0    |    0    |
|          |     trunc_ln81_2_fu_154    |    0    |    0    |
|          |     trunc_ln81_3_fu_176    |    0    |    0    |
|   trunc  |     trunc_ln81_4_fu_198    |    0    |    0    |
|          |     trunc_ln81_5_fu_220    |    0    |    0    |
|          |     trunc_ln81_6_fu_242    |    0    |    0    |
|          |     trunc_ln81_7_fu_264    |    0    |    0    |
|          |     trunc_ln81_8_fu_286    |    0    |    0    |
|          |     trunc_ln81_9_fu_308    |    0    |    0    |
|----------|----------------------------|---------|---------|
|          |      zext_ln81_fu_122      |    0    |    0    |
|          |     zext_ln81_1_fu_144     |    0    |    0    |
|          |     zext_ln81_2_fu_166     |    0    |    0    |
|          |     zext_ln81_3_fu_188     |    0    |    0    |
|   zext   |     zext_ln81_4_fu_210     |    0    |    0    |
|          |     zext_ln81_5_fu_232     |    0    |    0    |
|          |     zext_ln81_6_fu_254     |    0    |    0    |
|          |     zext_ln81_7_fu_276     |    0    |    0    |
|          |     zext_ln81_8_fu_298     |    0    |    0    |
|          |     zext_ln81_9_fu_320     |    0    |    0    |
|----------|----------------------------|---------|---------|
|          |         mrv_fu_324         |    0    |    0    |
|          |        mrv_1_fu_330        |    0    |    0    |
|          |        mrv_2_fu_336        |    0    |    0    |
|          |        mrv_3_fu_342        |    0    |    0    |
|insertvalue|        mrv_4_fu_348        |    0    |    0    |
|          |        mrv_5_fu_354        |    0    |    0    |
|          |        mrv_6_fu_360        |    0    |    0    |
|          |        mrv_7_fu_366        |    0    |    0    |
|          |        mrv_8_fu_372        |    0    |    0    |
|          |        mrv_9_fu_378        |    0    |    0    |
|----------|----------------------------|---------|---------|
|   Total  |                            |    0    |   220   |
|----------|----------------------------|---------|---------|

Memories:
N/A

* Register list:
N/A

* Multiplexer (MUX) list: 
|--------|------|------|------|--------|
|  Comp  |  Pin | Size |  BW  | S x BW |
|--------|------|------|------|--------|
|  Total |      |      |      |    0   |
|--------|------|------|------|--------|



* Summary:
+-----------+--------+--------+
|           |   FF   |   LUT  |
+-----------+--------+--------+
|  Function |    0   |   220  |
|   Memory  |    -   |    -   |
|Multiplexer|    -   |    -   |
|  Register |    -   |    -   |
+-----------+--------+--------+
|   Total   |    0   |   220  |
+-----------+--------+--------+
