Copyright 1986-2019 Xilinx, Inc. All Rights Reserved.
----------------------------------------------------------------------------------------------
| Tool Version : Vivado v.2019.1 (lin64) Build 2552052 Fri May 24 14:47:09 MDT 2019
| Date         : Mon Nov 14 20:15:24 2022
| Host         : LAPTOP-ZAZU2206 running 64-bit Ubuntu 20.04.4 LTS
| Command      : report_clock_utilization -file design_1_wrapper_clock_utilization_routed.rpt
| Design       : design_1_wrapper
| Device       : 7z045-ffg900
| Speed File   : -2  PRODUCTION 1.11 2014-09-11
| Design State : Routed
----------------------------------------------------------------------------------------------

Clock Utilization Report

Table of Contents
-----------------
1. Clock Primitive Utilization
2. Global Clock Resources
3. Global Clock Source Details
4. Clock Regions: Key Resource Utilization
5. Clock Regions : Global Clock Summary
6. Device Cell Placement Summary for Global Clock g0
7. Device Cell Placement Summary for Global Clock g1
8. Clock Region Cell Placement per Global Clock: Region X1Y4
9. Clock Region Cell Placement per Global Clock: Region X1Y5

1. Clock Primitive Utilization
------------------------------

+----------+------+-----------+-----+--------------+--------+
| Type     | Used | Available | LOC | Clock Region | Pblock |
+----------+------+-----------+-----+--------------+--------+
| BUFGCTRL |    2 |        32 |   0 |            0 |      0 |
| BUFH     |    0 |       168 |   0 |            0 |      0 |
| BUFIO    |    0 |        32 |   0 |            0 |      0 |
| BUFMR    |    0 |        16 |   0 |            0 |      0 |
| BUFR     |    0 |        32 |   0 |            0 |      0 |
| MMCM     |    0 |         8 |   0 |            0 |      0 |
| PLL      |    1 |         8 |   0 |            0 |      0 |
+----------+------+-----------+-----+--------------+--------+


2. Global Clock Resources
-------------------------

+-----------+-----------+-----------------+------------+----------------+--------------+-------------------+-------------+-----------------+--------------+-------------------------------+-----------------------------------------+-------------------------------------------------------------+
| Global Id | Source Id | Driver Type/Pin | Constraint | Site           | Clock Region | Load Clock Region | Clock Loads | Non-Clock Loads | Clock Period | Clock                         | Driver Pin                              | Net                                                         |
+-----------+-----------+-----------------+------------+----------------+--------------+-------------------+-------------+-----------------+--------------+-------------------------------+-----------------------------------------+-------------------------------------------------------------+
| g0        | src0      | BUFG/O          | None       | BUFGCTRL_X0Y16 | n/a          |                 2 |          32 |               0 |      100.000 | clk_out1_design_1_clk_wiz_0_0 | design_1_i/clk_wiz_0/inst/clkout1_buf/O | design_1_i/clk_wiz_0/inst/clk_out1                          |
| g1        | src0      | BUFG/O          | None       | BUFGCTRL_X0Y17 | n/a          |                 1 |           1 |               0 |       50.000 | clkfbout_design_1_clk_wiz_0_0 | design_1_i/clk_wiz_0/inst/clkf_buf/O    | design_1_i/clk_wiz_0/inst/clkfbout_buf_design_1_clk_wiz_0_0 |
+-----------+-----------+-----------------+------------+----------------+--------------+-------------------+-------------+-----------------+--------------+-------------------------------+-----------------------------------------+-------------------------------------------------------------+
* Clock Loads column represents the clock pin loads (pin count)
** Non-Clock Loads column represents the non-clock pin loads (pin count)


3. Global Clock Source Details
------------------------------

+-----------+-----------+--------------------+------------+----------------+--------------+-------------+-----------------+---------------------+-------------------------------+---------------------------------------------------+---------------------------------------------------------+
| Source Id | Global Id | Driver Type/Pin    | Constraint | Site           | Clock Region | Clock Loads | Non-Clock Loads | Source Clock Period | Source Clock                  | Driver Pin                                        | Net                                                     |
+-----------+-----------+--------------------+------------+----------------+--------------+-------------+-----------------+---------------------+-------------------------------+---------------------------------------------------+---------------------------------------------------------+
| src0      | g0        | PLLE2_ADV/CLKOUT0  | None       | PLLE2_ADV_X1Y5 | X1Y5         |           1 |               0 |             100.000 | clk_out1_design_1_clk_wiz_0_0 | design_1_i/clk_wiz_0/inst/plle2_adv_inst/CLKOUT0  | design_1_i/clk_wiz_0/inst/clk_out1_design_1_clk_wiz_0_0 |
| src0      | g1        | PLLE2_ADV/CLKFBOUT | None       | PLLE2_ADV_X1Y5 | X1Y5         |           1 |               0 |              50.000 | clkfbout_design_1_clk_wiz_0_0 | design_1_i/clk_wiz_0/inst/plle2_adv_inst/CLKFBOUT | design_1_i/clk_wiz_0/inst/clkfbout_design_1_clk_wiz_0_0 |
+-----------+-----------+--------------------+------------+----------------+--------------+-------------+-----------------+---------------------+-------------------------------+---------------------------------------------------+---------------------------------------------------------+
* Clock Loads column represents the clock pin loads (pin count)
** Non-Clock Loads column represents the non-clock pin loads (pin count)


4. Clock Regions: Key Resource Utilization
------------------------------------------

+-------------------+--------------+--------------+--------------+--------------+--------------+--------------+--------------+--------------+--------------+--------------+--------------+--------------+--------------+--------------+--------------+
|                   | Global Clock |     BUFRs    |    BUFMRs    |    BUFIOs    |     MMCM     |      PLL     |      GT      |      PCI     |    ILOGIC    |    OLOGIC    |      FF      |     LUTM     |    RAMB18    |    RAMB36    |    DSP48E2   |
+-------------------+------+-------+------+-------+------+-------+------+-------+------+-------+------+-------+------+-------+------+-------+------+-------+------+-------+------+-------+------+-------+------+-------+------+-------+------+-------+
| Clock Region Name | Used | Avail | Used | Avail | Used | Avail | Used | Avail | Used | Avail | Used | Avail | Used | Avail | Used | Avail | Used | Avail | Used | Avail | Used | Avail | Used | Avail | Used | Avail | Used | Avail | Used | Avail |
+-------------------+------+-------+------+-------+------+-------+------+-------+------+-------+------+-------+------+-------+------+-------+------+-------+------+-------+------+-------+------+-------+------+-------+------+-------+------+-------+
| X0Y0              |    0 |    12 |    0 |     4 |    0 |     2 |    0 |     4 |    0 |     1 |    0 |     1 |    0 |     0 |    0 |     0 |    0 |    50 |    0 |    50 |    0 |  4500 |    0 |  1600 |    0 |    80 |    0 |    40 |    0 |    80 |
| X1Y0              |    0 |    12 |    0 |     0 |    0 |     0 |    0 |     0 |    0 |     0 |    0 |     0 |    0 |     4 |    0 |     0 |    0 |     0 |    0 |     0 |    0 |  3700 |    0 |  1050 |    0 |    80 |    0 |    40 |    0 |    60 |
| X0Y1              |    0 |    12 |    0 |     4 |    0 |     2 |    0 |     4 |    0 |     1 |    0 |     1 |    0 |     0 |    0 |     0 |    0 |    50 |    0 |    50 |    0 |  4500 |    0 |  1600 |    0 |    80 |    0 |    40 |    0 |    80 |
| X1Y1              |    0 |    12 |    0 |     0 |    0 |     0 |    0 |     0 |    0 |     0 |    0 |     0 |    0 |     4 |    0 |     0 |    0 |     0 |    0 |     0 |    0 |  3700 |    0 |  1050 |    0 |    80 |    0 |    40 |    0 |    60 |
| X0Y2              |    0 |    12 |    0 |     4 |    0 |     2 |    0 |     4 |    0 |     1 |    0 |     1 |    0 |     0 |    0 |     0 |    0 |    50 |    0 |    50 |    0 |  4500 |    0 |  1600 |    0 |    80 |    0 |    40 |    0 |    80 |
| X1Y2              |    0 |    12 |    0 |     0 |    0 |     0 |    0 |     0 |    0 |     0 |    0 |     0 |    0 |     4 |    0 |     0 |    0 |     0 |    0 |     0 |    0 |  3700 |    0 |  1050 |    0 |    80 |    0 |    40 |    0 |    60 |
| X0Y3              |    0 |    12 |    0 |     4 |    0 |     2 |    0 |     4 |    0 |     1 |    0 |     1 |    0 |     0 |    0 |     0 |    0 |    50 |    0 |    50 |    0 |  4500 |    0 |  1600 |    0 |    80 |    0 |    40 |    0 |    80 |
| X1Y3              |    0 |    12 |    0 |     0 |    0 |     0 |    0 |     0 |    0 |     0 |    0 |     0 |    0 |     4 |    0 |     1 |    0 |     0 |    0 |     0 |    0 |  3550 |    0 |  1000 |    0 |    70 |    0 |    35 |    0 |    60 |
| X0Y4              |    0 |    12 |    0 |     4 |    0 |     2 |    0 |     4 |    0 |     1 |    0 |     1 |    0 |     0 |    0 |     0 |    0 |    50 |    0 |    50 |    0 |  4500 |    0 |  1600 |    0 |    80 |    0 |    40 |    0 |    80 |
| X1Y4              |    1 |    12 |    0 |     4 |    0 |     2 |    0 |     4 |    0 |     1 |    0 |     1 |    0 |     0 |    0 |     0 |    0 |    50 |    0 |    50 |   10 |  4100 |    4 |  1150 |    0 |   100 |    0 |    50 |    0 |    60 |
| X0Y5              |    0 |    12 |    0 |     0 |    0 |     0 |    0 |     0 |    0 |     0 |    0 |     0 |    0 |     0 |    0 |     0 |    0 |     0 |    0 |     0 |    0 |  3200 |    0 |  1000 |    0 |    40 |    0 |    20 |    0 |    40 |
| X1Y5              |    2 |    12 |    0 |     4 |    0 |     2 |    0 |     4 |    0 |     1 |    1 |     1 |    0 |     0 |    0 |     0 |    0 |    50 |    0 |    50 |   22 |  3500 |   16 |  1150 |    0 |   100 |    0 |    50 |    0 |    60 |
| X0Y6              |    0 |    12 |    0 |     0 |    0 |     0 |    0 |     0 |    0 |     0 |    0 |     0 |    0 |     0 |    0 |     0 |    0 |     0 |    0 |     0 |    0 |  3200 |    0 |  1000 |    0 |    40 |    0 |    20 |    0 |    40 |
| X1Y6              |    0 |    12 |    0 |     4 |    0 |     2 |    0 |     4 |    0 |     1 |    0 |     1 |    0 |     0 |    0 |     0 |    0 |    50 |    0 |    50 |    0 |  3500 |    0 |  1150 |    0 |   100 |    0 |    50 |    0 |    60 |
+-------------------+------+-------+------+-------+------+-------+------+-------+------+-------+------+-------+------+-------+------+-------+------+-------+------+-------+------+-------+------+-------+------+-------+------+-------+------+-------+
* Global Clock column represents track count; while other columns represents cell counts


5. Clock Regions : Global Clock Summary
---------------------------------------

All Modules
+----+----+----+
|    | X0 | X1 |
+----+----+----+
| Y6 |  0 |  0 |
| Y5 |  0 |  2 |
| Y4 |  0 |  1 |
| Y3 |  0 |  0 |
| Y2 |  0 |  0 |
| Y1 |  0 |  0 |
| Y0 |  0 |  0 |
+----+----+----+


6. Device Cell Placement Summary for Global Clock g0
----------------------------------------------------

+-----------+-----------------+-------------------+-------------------------------+-------------+----------------+-------------+----------+----------------+----------+------------------------------------+
| Global Id | Driver Type/Pin | Driver Region (D) | Clock                         | Period (ns) | Waveform (ns)  | Slice Loads | IO Loads | Clocking Loads | GT Loads | Net                                |
+-----------+-----------------+-------------------+-------------------------------+-------------+----------------+-------------+----------+----------------+----------+------------------------------------+
| g0        | BUFG/O          | n/a               | clk_out1_design_1_clk_wiz_0_0 |     100.000 | {0.000 50.000} |          32 |        0 |              0 |        0 | design_1_i/clk_wiz_0/inst/clk_out1 |
+-----------+-----------------+-------------------+-------------------------------+-------------+----------------+-------------+----------+----------------+----------+------------------------------------+
* Slice Loads column represents load cell count of all cell types other than IO, GT and clock resources
** IO Loads column represents load cell count of IO types
*** Clocking Loads column represents load cell count that are clock resources (global clock buffer, MMCM, PLL, etc)
**** GT Loads column represents load cell count of GT types


+----+----+-----+
|    | X0 | X1  |
+----+----+-----+
| Y6 |  0 |   0 |
| Y5 |  0 |  22 |
| Y4 |  0 |  10 |
| Y3 |  0 |   0 |
| Y2 |  0 |   0 |
| Y1 |  0 |   0 |
| Y0 |  0 |   0 |
+----+----+-----+


7. Device Cell Placement Summary for Global Clock g1
----------------------------------------------------

+-----------+-----------------+-------------------+-------------------------------+-------------+----------------+-------------+----------+----------------+----------+-------------------------------------------------------------+
| Global Id | Driver Type/Pin | Driver Region (D) | Clock                         | Period (ns) | Waveform (ns)  | Slice Loads | IO Loads | Clocking Loads | GT Loads | Net                                                         |
+-----------+-----------------+-------------------+-------------------------------+-------------+----------------+-------------+----------+----------------+----------+-------------------------------------------------------------+
| g1        | BUFG/O          | n/a               | clkfbout_design_1_clk_wiz_0_0 |      50.000 | {0.000 25.000} |           0 |        0 |              1 |        0 | design_1_i/clk_wiz_0/inst/clkfbout_buf_design_1_clk_wiz_0_0 |
+-----------+-----------------+-------------------+-------------------------------+-------------+----------------+-------------+----------+----------------+----------+-------------------------------------------------------------+
* Slice Loads column represents load cell count of all cell types other than IO, GT and clock resources
** IO Loads column represents load cell count of IO types
*** Clocking Loads column represents load cell count that are clock resources (global clock buffer, MMCM, PLL, etc)
**** GT Loads column represents load cell count of GT types


+----+----+----+
|    | X0 | X1 |
+----+----+----+
| Y6 |  0 |  0 |
| Y5 |  0 |  1 |
| Y4 |  0 |  0 |
| Y3 |  0 |  0 |
| Y2 |  0 |  0 |
| Y1 |  0 |  0 |
| Y0 |  0 |  0 |
+----+----+----+


8. Clock Region Cell Placement per Global Clock: Region X1Y4
------------------------------------------------------------

+-----------+-------+-----------------+------------+-------------+-----------------+----+--------+------+-----+----+------+-----+---------+------------------------------------+
| Global Id | Track | Driver Type/Pin | Constraint | Clock Loads | Non-Clock Loads | FF | LUTRAM | RAMB | DSP | GT | MMCM | PLL | Hard IP | Net                                |
+-----------+-------+-----------------+------------+-------------+-----------------+----+--------+------+-----+----+------+-----+---------+------------------------------------+
| g0        | n/a   | BUFG/O          | None       |          10 |               0 | 10 |      0 |    0 |   0 |  0 |    0 |   0 |       0 | design_1_i/clk_wiz_0/inst/clk_out1 |
+-----------+-------+-----------------+------------+-------------+-----------------+----+--------+------+-----+----+------+-----+---------+------------------------------------+
* Clock Loads column represents the clock pin loads (pin count)
** Non-Clock Loads column represents the non-clock pin loads (pin count)
*** Columns FF, LUTRAM, RAMB through 'Hard IP' represents load cell counts


9. Clock Region Cell Placement per Global Clock: Region X1Y5
------------------------------------------------------------

+-----------+-------+-----------------+------------+-------------+-----------------+----+--------+------+-----+----+------+-----+---------+-------------------------------------------------------------+
| Global Id | Track | Driver Type/Pin | Constraint | Clock Loads | Non-Clock Loads | FF | LUTRAM | RAMB | DSP | GT | MMCM | PLL | Hard IP | Net                                                         |
+-----------+-------+-----------------+------------+-------------+-----------------+----+--------+------+-----+----+------+-----+---------+-------------------------------------------------------------+
| g0        | n/a   | BUFG/O          | None       |          22 |               0 | 22 |      0 |    0 |   0 |  0 |    0 |   0 |       0 | design_1_i/clk_wiz_0/inst/clk_out1                          |
| g1        | n/a   | BUFG/O          | None       |           1 |               0 |  0 |      0 |    0 |   0 |  0 |    0 |   1 |       0 | design_1_i/clk_wiz_0/inst/clkfbout_buf_design_1_clk_wiz_0_0 |
+-----------+-------+-----------------+------------+-------------+-----------------+----+--------+------+-----+----+------+-----+---------+-------------------------------------------------------------+
* Clock Loads column represents the clock pin loads (pin count)
** Non-Clock Loads column represents the non-clock pin loads (pin count)
*** Columns FF, LUTRAM, RAMB through 'Hard IP' represents load cell counts



# Location of BUFG Primitives 
set_property LOC BUFGCTRL_X0Y17 [get_cells design_1_i/clk_wiz_0/inst/clkf_buf]
set_property LOC BUFGCTRL_X0Y16 [get_cells design_1_i/clk_wiz_0/inst/clkout1_buf]

# Location of IO Primitives which is load of clock spine

# Location of clock ports
set_property LOC IOB_X1Y273 [get_ports clk_in1_n_0]
set_property LOC IOB_X1Y274 [get_ports clk_in1_p_0]

# Clock net "design_1_i/clk_wiz_0/inst/clk_out1" driven by instance "design_1_i/clk_wiz_0/inst/clkout1_buf" located at site "BUFGCTRL_X0Y16"
#startgroup
create_pblock {CLKAG_design_1_i/clk_wiz_0/inst/clk_out1}
add_cells_to_pblock [get_pblocks  {CLKAG_design_1_i/clk_wiz_0/inst/clk_out1}] [get_cells -filter { PRIMITIVE_GROUP != I/O && IS_PRIMITIVE==1 && PRIMITIVE_LEVEL !=INTERNAL } -of_object [get_pins -filter {DIRECTION==IN} -of_objects [get_nets -hierarchical -filter {PARENT=="design_1_i/clk_wiz_0/inst/clk_out1"}]]]
resize_pblock [get_pblocks {CLKAG_design_1_i/clk_wiz_0/inst/clk_out1}] -add {CLOCKREGION_X1Y4:CLOCKREGION_X1Y4 CLOCKREGION_X1Y5:CLOCKREGION_X1Y5}
#endgroup
